#
# A fatal error has been detected by the Java Runtime Environment:
#
#  EXCEPTION_ACCESS_VIOLATION (0xc0000005) at pc=0x00007ffb243d1439, pid=9520, tid=13516
#
# JRE version: Java(TM) SE Runtime Environment (9.0+11) (build 9.0.4+11)
# Java VM: Java HotSpot(TM) 64-Bit Server VM (9.0.4+11, mixed mode, tiered, compressed oops, g1 gc, windows-amd64)
# Problematic frame:
# C  0x00007ffb243d1439
#
# No core dump will be written. Minidumps are not enabled by default on client versions of Windows
#
# If you would like to submit a bug report, please visit:
#   http://bugreport.java.com/bugreport/crash.jsp
# The crash happened outside the Java Virtual Machine in native code.
# See problematic frame for where to report the bug.
#

---------------  S U M M A R Y ------------

Command Line: -Dsun.java2d.pmoffscreen=false -Dsun.java2d.xrender=false -Dsun.java2d.d3d=false -Dsun.awt.nopixfmt=true -Dsun.java2d.dpiaware=true -Dsun.java2d.uiScale.enabled=false -Xverify:none -Dswing.aatext=true -XX:-UsePerfData -Djdk.map.althashing.threshold=512 -XX:StringTableSize=4072 --add-opens=java.base/java.nio=ALL-UNNAMED --add-opens=java.desktop/sun.swing=ALL-UNNAMED --add-opens=java.desktop/javax.swing=ALL-UNNAMED --add-opens=java.desktop/javax.swing.tree=ALL-UNNAMED --add-opens=java.desktop/javax.swing.plaf.basic=ALL-UNNAMED --add-opens=java.desktop/javax.swing.plaf.synth=ALL-UNNAMED --add-opens=java.desktop/com.sun.awt=ALL-UNNAMED -XX:NewSize=60m -XX:MaxNewSize=60m -Xms128m -Xmx3072m -Xss5m 

Host: AMD FX(tm)-8320 Eight-Core Processor           , 8 cores, 7G,  Windows 10 , 64 bit Build 19041 (10.0.19041.1706)
Time: Fri May 27 21:12:51 2022 Russia TZ 2 Standard Time elapsed time: 17873 seconds (0d 4h 57m 53s)

---------------  T H R E A D  ---------------

Current thread (0x000001956cd5d000):  JavaThread "AWT-EventQueue-0" [_thread_in_native, id=13516, stack(0x00000088b4d00000,0x00000088b5200000)]

Stack: [0x00000088b4d00000,0x00000088b5200000],  sp=0x00000088b51f43a0,  free space=5072k
Native frames: (J=compiled Java code, j=interpreted, Vv=VM code, C=native code)
C  0x00007ffb243d1439
C  0x00007ffb243e5107
C  0x00007ffb243e4e12
C  0x00007ffb243cac06
C  [librdi_wavedata.dll+0x125e90]
C  [librdi_wavedata.dll+0x148744]
C  [librdi_wavedata.dll+0x1e1cce]
C  [librdi_wavedata.dll+0x1e1bef]
C  [librdi_wavedata.dll+0x20cb0a]
C  [librdi_wavedata.dll+0x20aede]
C  [librdi_wavedata.dll+0x26873b]
C  [librdi_wavedata.dll+0x26a153]
C  [librdi_wavedata.dll+0x242ea0]
C  [librdi_wavedata.dll+0x242f1d]
C  [librdi_wavedata.dll+0x242fc1]
C  [librdi_wavedata.dll+0x2695c4]
C  [librdi_wavedata.dll+0x239546]
C  [librdi_wavedata.dll+0x239315]
C  [librdi_wavedata.dll+0x275c1f]
C  0x000001955c011aba

Java frames: (J=compiled Java code, j=interpreted, Vv=VM code)
J 26168  ui.views.waveform.waveformi.WVExecutive_getGraphicsDataSize(J)J (0 bytes) @ 0x000001955c011a21 [0x000001955c0119e0+0x0000000000000041]
J 26167 c1 ui.views.waveform.executive.a.gEt()Ljava/io/ByteArrayInputStream; (93 bytes) @ 0x00000195550e8a2c [0x00000195550e8940+0x00000000000000ec]
J 26649 c1 ui.views.waveform.b.a.gEf()V (142 bytes) @ 0x0000019555699b34 [0x0000019555699a20+0x0000000000000114]
J 25993 c1 ui.views.waveform.w.cRi()V (38 bytes) @ 0x0000019554e05eec [0x0000019554e05780+0x000000000000076c]
J 19980 c1 ui.views.waveform.c.b.j(Lui/frmwork/b/i;)V (603 bytes) @ 0x000001955668a63c [0x0000019556680f20+0x000000000000971c]
J 19979 c1 ui.views.waveform.w.a(Lui/frmwork/b/i;)V (17 bytes) @ 0x000001955561ba94 [0x000001955561b9c0+0x00000000000000d4]
J 25325 c2 ui.frmwork.b.l.d(Lui/frmwork/b/i;)V (61 bytes) @ 0x000001955cae09e0 [0x000001955cae07c0+0x0000000000000220]
J 25324 c2 ui.frmwork.HTclEventBroker.i(JZ)V (471 bytes) @ 0x000001955cae2f68 [0x000001955cae1a40+0x0000000000001528]
J 25556 c2 ui.frmwork.HTclEventBroker.fireTclEvent(J)I (113 bytes) @ 0x000001955b852908 [0x000001955b851840+0x00000000000010c8]
v  ~StubRoutines::call_stub
J 26126  ui.views.waveform.waveformi.WVExecutive_processModelEvent(JJ)V (0 bytes) @ 0x000001955bfc7f24 [0x000001955bfc7ee0+0x0000000000000044]
J 26048 c1 ui.views.waveform.c.b.eD(J)V (109 bytes) @ 0x0000019554b925c4 [0x0000019554b92480+0x0000000000000144]
J 19980 c1 ui.views.waveform.c.b.j(Lui/frmwork/b/i;)V (603 bytes) @ 0x000001955668b374 [0x0000019556680f20+0x000000000000a454]
J 19979 c1 ui.views.waveform.w.a(Lui/frmwork/b/i;)V (17 bytes) @ 0x000001955561ba94 [0x000001955561b9c0+0x00000000000000d4]
J 25325 c2 ui.frmwork.b.l.d(Lui/frmwork/b/i;)V (61 bytes) @ 0x000001955cae09e0 [0x000001955cae07c0+0x0000000000000220]
J 25324 c2 ui.frmwork.HTclEventBroker.i(JZ)V (471 bytes) @ 0x000001955cae2f68 [0x000001955cae1a40+0x0000000000001528]
J 29788 c2 ui.frmwork.HTclEventBroker$$Lambda$204.run()V (12 bytes) @ 0x000001955d0f84e8 [0x000001955d0f84a0+0x0000000000000048]
J 12748 c2 java.awt.EventQueue$3.run()Ljava/lang/Object; java.desktop@9.0.4 (5 bytes) @ 0x000001955bd0c824 [0x000001955bd0bf80+0x00000000000008a4]
v  ~StubRoutines::call_stub
J 4391  java.security.AccessController.doPrivileged(Ljava/security/PrivilegedAction;Ljava/security/AccessControlContext;)Ljava/lang/Object; java.base@9.0.4 (0 bytes) @ 0x000001955b33c8c6 [0x000001955b33c860+0x0000000000000066]
J 25523 c2 ui.frmwork.b.d.dispatchEvent(Ljava/awt/AWTEvent;)V (34 bytes) @ 0x000001955b765068 [0x000001955b764c60+0x0000000000000408]
J 23007 c2 java.awt.EventDispatchThread.pumpOneEventForFilters(I)V java.desktop@9.0.4 (218 bytes) @ 0x000001955c75e0b4 [0x000001955c75dd20+0x0000000000000394]
J 21092 c2 java.awt.EventDispatchThread.pumpEventsForFilter(ILjava/awt/Conditional;Ljava/awt/EventFilter;)V java.desktop@9.0.4 (47 bytes) @ 0x000001955b74540c [0x000001955b745260+0x00000000000001ac]
j  java.awt.EventDispatchThread.pumpEventsForFilter(Ljava/awt/Conditional;Ljava/awt/EventFilter;)V+4 java.desktop@9.0.4
j  java.awt.WaitDispatchSupport$2.run()V+59 java.desktop@9.0.4
j  java.awt.WaitDispatchSupport$4.run()Ljava/lang/Void;+4 java.desktop@9.0.4
j  java.awt.WaitDispatchSupport$4.run()Ljava/lang/Object;+1 java.desktop@9.0.4
v  ~StubRoutines::call_stub
J 1048  java.security.AccessController.doPrivileged(Ljava/security/PrivilegedAction;)Ljava/lang/Object; java.base@9.0.4 (0 bytes) @ 0x000001955b399c32 [0x000001955b399be0+0x0000000000000052]
j  java.awt.WaitDispatchSupport.enter()Z+260 java.desktop@9.0.4
j  java.awt.Dialog.show()V+225 java.desktop@9.0.4
J 27359 c1 ui.b.c.by.showDialog()V (68 bytes) @ 0x0000019555926e14 [0x0000019555926280+0x0000000000000b94]
J 29866 c1 ui.b.c.by.cJI()V (434 bytes) @ 0x000001955698b134 [0x0000019556980da0+0x000000000000a394]
j  ui.views.c.t.b.a.run()V+60
j  ui.frmwork.a.dWF()Z+66
j  ui.frmwork.V.dYl()V+42
j  ui.bk.actionPerformed(Ljava/awt/event/ActionEvent;)V+25
J 29753 c1 javax.swing.AbstractButton.fireActionPerformed(Ljava/awt/event/ActionEvent;)V java.desktop@9.0.4 (96 bytes) @ 0x00000195553aa82c [0x00000195553a9fc0+0x000000000000086c]
j  ui.utils.o.b.B.fireActionPerformed(Ljava/awt/event/ActionEvent;)V+7
J 29752 c1 javax.swing.AbstractButton$Handler.actionPerformed(Ljava/awt/event/ActionEvent;)V java.desktop@9.0.4 (9 bytes) @ 0x0000019554896fc4 [0x0000019554896ec0+0x0000000000000104]
J 28166 c1 javax.swing.DefaultButtonModel.fireActionPerformed(Ljava/awt/event/ActionEvent;)V java.desktop@9.0.4 (46 bytes) @ 0x000001955511de94 [0x000001955511dbe0+0x00000000000002b4]
J 26385 c1 javax.swing.DefaultButtonModel.setPressed(Z)V java.desktop@9.0.4 (125 bytes) @ 0x000001955528ca44 [0x000001955528bb80+0x0000000000000ec4]
J 29863 c1 javax.swing.plaf.basic.BasicButtonListener.mouseReleased(Ljava/awt/event/MouseEvent;)V java.desktop@9.0.4 (48 bytes) @ 0x00000195554ba7ac [0x00000195554ba380+0x000000000000042c]
J 31300 c1 com.jidesoft.plaf.basic.BasicJideButtonListener.mouseReleased(Ljava/awt/event/MouseEvent;)V (70 bytes) @ 0x00000195548aad24 [0x00000195548aa4c0+0x0000000000000864]
J 29271 c2 java.awt.AWTEventMulticaster.mouseReleased(Ljava/awt/event/MouseEvent;)V java.desktop@9.0.4 (27 bytes) @ 0x000001955b5c2034 [0x000001955b5c1fc0+0x0000000000000074]
J 29271 c2 java.awt.AWTEventMulticaster.mouseReleased(Ljava/awt/event/MouseEvent;)V java.desktop@9.0.4 (27 bytes) @ 0x000001955b5c2034 [0x000001955b5c1fc0+0x0000000000000074]
J 29271 c2 java.awt.AWTEventMulticaster.mouseReleased(Ljava/awt/event/MouseEvent;)V java.desktop@9.0.4 (27 bytes) @ 0x000001955b5c2034 [0x000001955b5c1fc0+0x0000000000000074]
J 27252 c2 javax.swing.JComponent.processMouseEvent(Ljava/awt/event/MouseEvent;)V java.desktop@9.0.4 (27 bytes) @ 0x000001955cc7508c [0x000001955cc74ea0+0x00000000000001ec]
J 20271 c2 java.awt.Container.processEvent(Ljava/awt/AWTEvent;)V java.desktop@9.0.4 (22 bytes) @ 0x000001955c4d1880 [0x000001955c4d1720+0x0000000000000160]
J 25175 c2 java.awt.Component.dispatchEventImpl(Ljava/awt/AWTEvent;)V java.desktop@9.0.4 (739 bytes) @ 0x000001955ca81244 [0x000001955ca80760+0x0000000000000ae4]
J 22648 c2 java.awt.Container.dispatchEventImpl(Ljava/awt/AWTEvent;)V java.desktop@9.0.4 (129 bytes) @ 0x000001955c6ec200 [0x000001955c6ec120+0x00000000000000e0]
J 20005 c2 java.awt.LightweightDispatcher.retargetMouseEvent(Ljava/awt/Component;ILjava/awt/event/MouseEvent;)V java.desktop@9.0.4 (350 bytes) @ 0x000001955c4695e4 [0x000001955c4691e0+0x0000000000000404]
J 22648 c2 java.awt.Container.dispatchEventImpl(Ljava/awt/AWTEvent;)V java.desktop@9.0.4 (129 bytes) @ 0x000001955c6ec81c [0x000001955c6ec120+0x00000000000006fc]
J 19167 c2 java.awt.Window.dispatchEventImpl(Ljava/awt/AWTEvent;)V java.desktop@9.0.4 (23 bytes) @ 0x000001955c37040c [0x000001955c3703c0+0x000000000000004c]
J 12748 c2 java.awt.EventQueue$3.run()Ljava/lang/Object; java.desktop@9.0.4 (5 bytes) @ 0x000001955bd0c584 [0x000001955bd0bf80+0x0000000000000604]
v  ~StubRoutines::call_stub
J 4391  java.security.AccessController.doPrivileged(Ljava/security/PrivilegedAction;Ljava/security/AccessControlContext;)Ljava/lang/Object; java.base@9.0.4 (0 bytes) @ 0x000001955b33c8c6 [0x000001955b33c860+0x0000000000000066]
J 18210 c2 java.awt.EventQueue$4.run()Ljava/lang/Object; java.desktop@9.0.4 (5 bytes) @ 0x000001955b3ee720 [0x000001955b3ee4e0+0x0000000000000240]
v  ~StubRoutines::call_stub
J 4391  java.security.AccessController.doPrivileged(Ljava/security/PrivilegedAction;Ljava/security/AccessControlContext;)Ljava/lang/Object; java.base@9.0.4 (0 bytes) @ 0x000001955b33c8c6 [0x000001955b33c860+0x0000000000000066]
J 25523 c2 ui.frmwork.b.d.dispatchEvent(Ljava/awt/AWTEvent;)V (34 bytes) @ 0x000001955b765300 [0x000001955b764c60+0x00000000000006a0]
J 23007 c2 java.awt.EventDispatchThread.pumpOneEventForFilters(I)V java.desktop@9.0.4 (218 bytes) @ 0x000001955c75e0b4 [0x000001955c75dd20+0x0000000000000394]
J 21087% c2 java.awt.EventDispatchThread.pumpEventsForFilter(ILjava/awt/Conditional;Ljava/awt/EventFilter;)V java.desktop@9.0.4 (47 bytes) @ 0x000001955b746a58 [0x000001955b746940+0x0000000000000118]
j  java.awt.EventDispatchThread.pumpEventsForHierarchy(ILjava/awt/Conditional;Ljava/awt/Component;)V+11 java.desktop@9.0.4
j  java.awt.EventDispatchThread.pumpEvents(ILjava/awt/Conditional;)V+4 java.desktop@9.0.4
j  java.awt.EventDispatchThread.pumpEvents(Ljava/awt/Conditional;)V+3 java.desktop@9.0.4
j  java.awt.EventDispatchThread.run()V+9 java.desktop@9.0.4
v  ~StubRoutines::call_stub

siginfo: EXCEPTION_ACCESS_VIOLATION (0xc0000005), reading address 0x0000000000000044


Register to memory mapping:

RIP=0x00007ffb243d1439 is an unknown value
RAX=0x000001956df4dc20 is an unknown value
RBX=0x0000019548945d20 is an unknown value
RCX=0x0000000000000000 is an unknown value
RDX=0x000001957ab396d0 is an unknown value
RSP=0x00000088b51f43a0 is pointing into the stack for thread: 0x000001956cd5d000
RBP=0x00000088b51f4540 is pointing into the stack for thread: 0x000001956cd5d000
RSI=0x0000000000000000 is an unknown value
RDI=0x00000088b51f4500 is pointing into the stack for thread: 0x000001956cd5d000
R8 =0x00000088b51f4440 is pointing into the stack for thread: 0x000001956cd5d000
R9 =0x0000000000000018 is an unknown value
R10=0x0000000000000000 is an unknown value
R11=0x0040000000000020 is an unknown value
R12=0x000001957be17780 is an unknown value
R13=0x0000000000000001 is an unknown value
R14=0x000001957ab396d0 is an unknown value
R15=0x00000088b51f4440 is pointing into the stack for thread: 0x000001956cd5d000


Registers:
RAX=0x000001956df4dc20, RBX=0x0000019548945d20, RCX=0x0000000000000000, RDX=0x000001957ab396d0
RSP=0x00000088b51f43a0, RBP=0x00000088b51f4540, RSI=0x0000000000000000, RDI=0x00000088b51f4500
R8 =0x00000088b51f4440, R9 =0x0000000000000018, R10=0x0000000000000000, R11=0x0040000000000020
R12=0x000001957be17780, R13=0x0000000000000001, R14=0x000001957ab396d0, R15=0x00000088b51f4440
RIP=0x00007ffb243d1439, EFLAGS=0x0000000000010206

Top of Stack: (sp=0x00000088b51f43a0)
0x00000088b51f43a0:   00000088b51f4ad0 0000000000000000
0x00000088b51f43b0:   0000000000000000 000001957be17780
0x00000088b51f43c0:   0000019548945d20 0000000000000002
0x00000088b51f43d0:   fffffffffffffffe 00007ffb9fbefde6
0x00000088b51f43e0:   0000000000000000 00000000000004f8
0x00000088b51f43f0:   00000088b51f4ad0 0000000000001000
0x00000088b51f4400:   00000088b51f4500 00007ffb243e5107
0x00000088b51f4410:   00000000000004f8 0000019548945d20
0x00000088b51f4420:   000001956df4dc20 000001957aabecf8
0x00000088b51f4430:   0000019548945d20 00007ffb243e4e12
0x00000088b51f4440:   0000019548945d20 000001957aabecd0
0x00000088b51f4450:   0000000000000002 000001957aabecd0
0x00000088b51f4460:   000001957aabecd0 0000000000000000
0x00000088b51f4470:   0000000000000000 000001957be17780
0x00000088b51f4480:   0000000000000000 000001957aabec80
0x00000088b51f4490:   0000000000000001 0000001000000000 

Instructions: (pc=0x00007ffb243d1439)
0x00007ffb243d1419:   50 48 c7 44 24 30 fe ff ff ff 48 89 5c 24 78 48
0x00007ffb243d1429:   89 b4 24 80 00 00 00 4d 8b f8 4c 8b f2 48 8b f1
0x00007ffb243d1439:   83 79 44 00 75 07 33 c0 e9 da 00 00 00 33 db 39
0x00007ffb243d1449:   59 44 75 04 8b c3 eb 06 48 8b 41 48 8b 00 8b d0 



---------------  P R O C E S S  ---------------

Java Threads: ( => current thread )
  0x000001957825b800 JavaThread "Relaunch Simulation" [_thread_blocked, id=8076, stack(0x00000088bc200000,0x00000088bc700000)]
  0x000001957825d000 JavaThread "Monitor File Timestamp Swing Worker" [_thread_blocked, id=13300, stack(0x00000088bd100000,0x00000088bd600000)]
  0x000001957825b000 JavaThread "Timer-11" [_thread_blocked, id=15364, stack(0x00000088bcc00000,0x00000088bd100000)]
  0x000001957825c800 JavaThread "Thread-22586" [_thread_in_native, id=8824, stack(0x00000088b8000000,0x00000088b8100000)]
  0x0000019572241800 JavaThread "Thread-18790" [_thread_in_native, id=7340, stack(0x00000088add00000,0x00000088ade00000)]
  0x000001954c4be000 JavaThread "Thread-17709" [_thread_in_native, id=216, stack(0x00000088ade00000,0x00000088adf00000)]
  0x0000019572247000 JavaThread "Monitor File Timestamp Swing Worker" [_thread_blocked, id=7248, stack(0x00000088bbd00000,0x00000088bc200000)]
  0x0000019572244000 JavaThread "Timer-5" [_thread_blocked, id=8828, stack(0x00000088ba600000,0x00000088bab00000)]
  0x0000019572246000 JavaThread "Monitor File Timestamp Swing Worker" [_thread_blocked, id=15692, stack(0x00000088bb000000,0x00000088bb500000)]
  0x0000019572239800 JavaThread "Timer-4" [_thread_blocked, id=16088, stack(0x00000088b9300000,0x00000088b9800000)]
  0x000001957223e800 JavaThread "Update Runs Swing Worker" [_thread_blocked, id=15416, stack(0x00000088bab00000,0x00000088bb000000)]
  0x0000019572245800 JavaThread "Refresh Filesets Swing Worker" [_thread_blocked, id=11756, stack(0x00000088ba100000,0x00000088ba600000)]
  0x000001957223f800 JavaThread "SyntheticaAnimation 50" daemon [_thread_blocked, id=8352, stack(0x00000088b8400000,0x00000088b8900000)]
  0x0000019572240000 JavaThread "Thread-5091" [_thread_in_native, id=6740, stack(0x00000088adc00000,0x00000088add00000)]
  0x000001957223c800 JavaThread "Update Runs Swing Worker" [_thread_blocked, id=9592, stack(0x00000088b9c00000,0x00000088ba100000)]
  0x0000019572241000 JavaThread "Refresh Filesets Swing Worker" [_thread_blocked, id=12820, stack(0x00000088b7500000,0x00000088b7a00000)]
  0x0000019572242800 JavaThread "Image Animator 0" daemon [_thread_blocked, id=500, stack(0x00000088bb800000,0x00000088bbd00000)]
  0x000001957223d000 JavaThread "Swing-Shell" daemon [_thread_blocked, id=8256, stack(0x00000088b8e00000,0x00000088b9300000)]
  0x000001957223a000 JavaThread "SyntheticaAnimation 50" daemon [_thread_blocked, id=13068, stack(0x00000088b8900000,0x00000088b8e00000)]
  0x000001957223e000 JavaThread "hw_ila_monitor" [_thread_blocked, id=7520, stack(0x00000088b6600000,0x00000088b6b00000)]
  0x000001954c4bc800 JavaThread "SyntheticaAnimation 70" daemon [_thread_blocked, id=2228, stack(0x00000088b7a00000,0x00000088b7f00000)]
  0x000001954c4c1800 JavaThread "SyntheticaAnimation 25" daemon [_thread_blocked, id=9436, stack(0x00000088b7000000,0x00000088b7500000)]
  0x000001954c4be800 JavaThread "SyntheticaAnimation 50" daemon [_thread_blocked, id=5236, stack(0x00000088b4300000,0x00000088b4800000)]
  0x000001954c4c1000 JavaThread "Monitor HEventQueue" [_thread_blocked, id=5284, stack(0x00000088b6b00000,0x00000088b7000000)]
  0x000001954c4bd000 JavaThread "SyntheticaCleanerThread" daemon [_thread_blocked, id=13064, stack(0x00000088b6100000,0x00000088b6600000)]
  0x000001954c4c2800 JavaThread "Batik CleanerThread" daemon [_thread_blocked, id=864, stack(0x00000088b5200000,0x00000088b5700000)]
  0x000001956e06b000 JavaThread "Process Messages" [_thread_blocked, id=1228, stack(0x00000088b5700000,0x00000088b5c00000)]
  0x000001956e010000 JavaThread "Thread-1" [_thread_in_native, id=10652, stack(0x00000088ae000000,0x00000088af400000)]
=>0x000001956cd5d000 JavaThread "AWT-EventQueue-0" [_thread_in_native, id=13516, stack(0x00000088b4d00000,0x00000088b5200000)]
  0x000001956c926800 JavaThread "AWT-Shutdown" [_thread_blocked, id=2056, stack(0x00000088b4800000,0x00000088b4d00000)]
  0x0000019548a22000 JavaThread "TimerQueue" daemon [_thread_blocked, id=13032, stack(0x00000088b3900000,0x00000088b3e00000)]
  0x000001954886f800 JavaThread "AWT-Windows" daemon [_thread_in_native, id=14164, stack(0x00000088b3e00000,0x00000088b4300000)]
  0x0000019548a21800 JavaThread "Java2D Disposer" daemon [_thread_blocked, id=11888, stack(0x00000088b3400000,0x00000088b3900000)]
  0x00000195489d1000 JavaThread "Service Thread" daemon [_thread_blocked, id=10152, stack(0x00000088b2e00000,0x00000088b3300000)]
  0x000001954866a000 JavaThread "Common-Cleaner" daemon [_thread_blocked, id=10124, stack(0x00000088b2900000,0x00000088b2e00000)]
  0x000001954c4c0000 JavaThread "Sweeper thread" daemon [_thread_blocked, id=10120, stack(0x00000088b2400000,0x00000088b2900000)]
  0x0000019548658800 JavaThread "C1 CompilerThread3" daemon [_thread_blocked, id=10116, stack(0x00000088b2300000,0x00000088b2400000)]
  0x0000019548658000 JavaThread "C2 CompilerThread2" daemon [_thread_blocked, id=10112, stack(0x00000088b2200000,0x00000088b2300000)]
  0x0000019548656000 JavaThread "C2 CompilerThread1" daemon [_thread_blocked, id=10108, stack(0x00000088b2100000,0x00000088b2200000)]
  0x0000019548655800 JavaThread "C2 CompilerThread0" daemon [_thread_blocked, id=10104, stack(0x00000088b2000000,0x00000088b2100000)]
  0x000001954b46e000 JavaThread "Attach Listener" daemon [_thread_blocked, id=9920, stack(0x00000088b1b00000,0x00000088b2000000)]
  0x0000019544c40800 JavaThread "Signal Dispatcher" daemon [_thread_blocked, id=10100, stack(0x00000088b1600000,0x00000088b1b00000)]
  0x000001954c6fd000 JavaThread "Finalizer" daemon [_thread_blocked, id=10096, stack(0x00000088b1100000,0x00000088b1600000)]
  0x000001954bd38800 JavaThread "Reference Handler" daemon [_thread_blocked, id=10072, stack(0x00000088b0c00000,0x00000088b1100000)]
  0x000001954b2fc000 JavaThread "main" [_thread_blocked, id=11616, stack(0x00000088af600000,0x00000088af700000)]

Other Threads:
  0x000001954c0d9800 VMThread "VM Thread" [stack: 0x00000088b0b00000,0x00000088b0c00000] [id=10092]
  0x000001954aebf000 WatcherThread [stack: 0x00000088b3300000,0x00000088b3400000] [id=10232]
  0x000001954bc39000 GCTaskThread "GC Thread#0" [stack: 0x00000088af700000,0x00000088af800000] [id=11072]
  0x0000019547803000 GCTaskThread "GC Thread#1" [stack: 0x00000088af800000,0x00000088af900000] [id=13936]
  0x0000019547803800 GCTaskThread "GC Thread#2" [stack: 0x00000088af900000,0x00000088afa00000] [id=11812]
  0x0000019547482800 GCTaskThread "GC Thread#3" [stack: 0x00000088afa00000,0x00000088afb00000] [id=7592]
  0x000001954c18c000 GCTaskThread "GC Thread#4" [stack: 0x00000088afb00000,0x00000088afc00000] [id=5464]
  0x000001954c1a4000 GCTaskThread "GC Thread#5" [stack: 0x00000088afc00000,0x00000088afd00000] [id=12312]
  0x000001954c7e1800 GCTaskThread "GC Thread#6" [stack: 0x00000088afd00000,0x00000088afe00000] [id=8680]
  0x000001954c7e2800 GCTaskThread "GC Thread#7" [stack: 0x00000088afe00000,0x00000088aff00000] [id=8688]
  0x000001954c096800 ConcurrentGCThread "G1 Main Marker" [stack: 0x00000088b0800000,0x00000088b0900000] [id=608]
  0x000001954bd4d800 ConcurrentGCThread "G1 Marker#0" [stack: 0x00000088b0900000,0x00000088b0a00000] [id=10080]
  0x000001954bd4e000 ConcurrentGCThread "G1 Marker#1" [stack: 0x00000088b0a00000,0x00000088b0b00000] [id=10088]
  0x000001954bf42800 ConcurrentGCThread "G1 Refine#0" [stack: 0x00000088b0600000,0x00000088b0700000] [id=12532]
  0x0000019544d74800 ConcurrentGCThread "G1 Refine#1" [stack: 0x00000088b0500000,0x00000088b0600000] [id=984]
  0x000001954c12b800 ConcurrentGCThread "G1 Refine#2" [stack: 0x00000088b0400000,0x00000088b0500000] [id=13320]
  0x0000019547b4a000 ConcurrentGCThread "G1 Refine#3" [stack: 0x00000088b0300000,0x00000088b0400000] [id=7504]
  0x0000019547b49000 ConcurrentGCThread "G1 Refine#4" [stack: 0x00000088b0200000,0x00000088b0300000] [id=11368]
  0x000001954c8ea800 ConcurrentGCThread "G1 Refine#5" [stack: 0x00000088b0100000,0x00000088b0200000] [id=8696]
  0x000001954c163800 ConcurrentGCThread "G1 Refine#6" [stack: 0x00000088b0000000,0x00000088b0100000] [id=8700]
  0x0000019547eec800 ConcurrentGCThread "G1 Refine#7" [stack: 0x00000088aff00000,0x00000088b0000000] [id=2332]
  0x000001954bf43000 ConcurrentGCThread "G1 Young RemSet Sampling" [stack: 0x00000088b0700000,0x00000088b0800000] [id=9188]

Threads with active compile tasks:

VM state:not at safepoint (normal execution)

VM Mutex/Monitor currently owned by a thread: None

Heap address: 0x0000000700000000, size: 3072 MB, Compressed Oops mode: Zero based, Oop shift amount: 3
Narrow klass base: 0x0000000000000000, Narrow klass shift: 3
Compressed class space size: 1073741824 Address: 0x00000007c0000000

Heap:
 garbage-first heap   total 227328K, used 120956K [0x0000000700000000, 0x00000007001006f0, 0x00000007c0000000)
  region size 1024K, 31 young (31744K), 1 survivors (1024K)
 Metaspace       used 93274K, capacity 96001K, committed 101964K, reserved 1136640K
  class space    used 12184K, capacity 12741K, committed 13952K, reserved 1048576K
Heap Regions: E=young(eden), S=young(survivor), O=old, HS=humongous(starts), HC=humongous(continues), CS=collection set, F=free, A=archive, TS=gc time stamp, AC=allocation context, TAMS=top-at-mark-start (previous, next)
|   0|0x0000000700000000, 0x00000007000fa4d8, 0x0000000700100000| 97%| O|  |TS  0|AC  0|TAMS 0x0000000700000000, 0x0000000700000000|
|   1|0x0000000700100000, 0x0000000700200000, 0x0000000700200000|100%|HS|  |TS  0|AC  0|TAMS 0x0000000700100000, 0x0000000700100000|
|   2|0x0000000700200000, 0x0000000700300000, 0x0000000700300000|100%|HC|  |TS  0|AC  0|TAMS 0x0000000700200000, 0x0000000700200000|
|   3|0x0000000700300000, 0x0000000700400000, 0x0000000700400000|100%|HS|  |TS  0|AC  0|TAMS 0x0000000700300000, 0x0000000700300000|
|   4|0x0000000700400000, 0x00000007004febf0, 0x0000000700500000| 99%| O|  |TS  0|AC  0|TAMS 0x0000000700400000, 0x0000000700400000|
|   5|0x0000000700500000, 0x00000007005ff918, 0x0000000700600000| 99%| O|  |TS  0|AC  0|TAMS 0x0000000700500000, 0x0000000700500000|
|   6|0x0000000700600000, 0x00000007006ffff0, 0x0000000700700000| 99%| O|  |TS  0|AC  0|TAMS 0x0000000700600000, 0x0000000700600000|
|   7|0x0000000700700000, 0x00000007007ffff0, 0x0000000700800000| 99%| O|  |TS  0|AC  0|TAMS 0x0000000700700000, 0x0000000700700000|
|   8|0x0000000700800000, 0x00000007008fbee0, 0x0000000700900000| 98%| O|  |TS  0|AC  0|TAMS 0x0000000700800000, 0x0000000700800000|
|   9|0x0000000700900000, 0x00000007009fc240, 0x0000000700a00000| 98%| O|  |TS  0|AC  0|TAMS 0x0000000700900000, 0x0000000700900000|
|  10|0x0000000700a00000, 0x0000000700ae5f58, 0x0000000700b00000| 89%| O|  |TS  0|AC  0|TAMS 0x0000000700a00000, 0x0000000700a00000|
|  11|0x0000000700b00000, 0x0000000700bfc490, 0x0000000700c00000| 98%| O|  |TS  0|AC  0|TAMS 0x0000000700b00000, 0x0000000700b00000|
|  12|0x0000000700c00000, 0x0000000700cfc4f0, 0x0000000700d00000| 98%| O|  |TS  0|AC  0|TAMS 0x0000000700c00000, 0x0000000700c00000|
|  13|0x0000000700d00000, 0x0000000700df6490, 0x0000000700e00000| 96%| O|  |TS  0|AC  0|TAMS 0x0000000700d00000, 0x0000000700d00000|
|  14|0x0000000700e00000, 0x0000000700efffa0, 0x0000000700f00000| 99%| O|  |TS  0|AC  0|TAMS 0x0000000700e00000, 0x0000000700e00000|
|  15|0x0000000700f00000, 0x0000000701000000, 0x0000000701000000|100%| O|  |TS  0|AC  0|TAMS 0x0000000700f00000, 0x0000000700f00000|
|  16|0x0000000701000000, 0x00000007010fffd0, 0x0000000701100000| 99%| O|  |TS  0|AC  0|TAMS 0x0000000701000000, 0x0000000701000000|
|  17|0x0000000701100000, 0x00000007011fff08, 0x0000000701200000| 99%| O|  |TS  0|AC  0|TAMS 0x0000000701100000, 0x0000000701100000|
|  18|0x0000000701200000, 0x0000000701300000, 0x0000000701300000|100%| O|  |TS  0|AC  0|TAMS 0x0000000701200000, 0x0000000701200000|
|  19|0x0000000701300000, 0x00000007013fff98, 0x0000000701400000| 99%| O|  |TS  0|AC  0|TAMS 0x0000000701300000, 0x0000000701300000|
|  20|0x0000000701400000, 0x00000007014fffe8, 0x0000000701500000| 99%| O|  |TS  0|AC  0|TAMS 0x0000000701400000, 0x0000000701400000|
|  21|0x0000000701500000, 0x00000007015fffc8, 0x0000000701600000| 99%| O|  |TS  0|AC  0|TAMS 0x0000000701500000, 0x0000000701500000|
|  22|0x0000000701600000, 0x00000007016fffb8, 0x0000000701700000| 99%| O|  |TS  0|AC  0|TAMS 0x0000000701600000, 0x0000000701600000|
|  23|0x0000000701700000, 0x00000007017ffff0, 0x0000000701800000| 99%| O|  |TS  0|AC  0|TAMS 0x0000000701700000, 0x0000000701700000|
|  24|0x0000000701800000, 0x00000007018fffe8, 0x0000000701900000| 99%| O|  |TS  0|AC  0|TAMS 0x0000000701800000, 0x0000000701800000|
|  25|0x0000000701900000, 0x00000007019fffd8, 0x0000000701a00000| 99%| O|  |TS  0|AC  0|TAMS 0x0000000701900000, 0x0000000701900000|
|  26|0x0000000701a00000, 0x0000000701affff0, 0x0000000701b00000| 99%| O|  |TS  0|AC  0|TAMS 0x0000000701a00000, 0x0000000701a00000|
|  27|0x0000000701b00000, 0x0000000701bfffd0, 0x0000000701c00000| 99%| O|  |TS  0|AC  0|TAMS 0x0000000701b00000, 0x0000000701b00000|
|  28|0x0000000701c00000, 0x0000000701d00000, 0x0000000701d00000|100%| O|  |TS  0|AC  0|TAMS 0x0000000701c00000, 0x0000000701c00000|
|  29|0x0000000701d00000, 0x0000000701dffff8, 0x0000000701e00000| 99%| O|  |TS  0|AC  0|TAMS 0x0000000701d00000, 0x0000000701d00000|
|  30|0x0000000701e00000, 0x0000000701efffc8, 0x0000000701f00000| 99%| O|  |TS  0|AC  0|TAMS 0x0000000701e00000, 0x0000000701e00000|
|  31|0x0000000701f00000, 0x0000000701fffff0, 0x0000000702000000| 99%| O|  |TS  0|AC  0|TAMS 0x0000000701f00000, 0x0000000701f00000|
|  32|0x0000000702000000, 0x00000007020cdd40, 0x0000000702100000| 80%| O|  |TS  0|AC  0|TAMS 0x0000000702000000, 0x0000000702000000|
|  33|0x0000000702100000, 0x0000000702200000, 0x0000000702200000|100%| O|  |TS  0|AC  0|TAMS 0x0000000702100000, 0x0000000702100000|
|  34|0x0000000702200000, 0x00000007022fffe8, 0x0000000702300000| 99%| O|  |TS  0|AC  0|TAMS 0x0000000702200000, 0x0000000702200000|
|  35|0x0000000702300000, 0x00000007023fe598, 0x0000000702400000| 99%| O|  |TS  0|AC  0|TAMS 0x0000000702300000, 0x0000000702300000|
|  36|0x0000000702400000, 0x00000007024ffff0, 0x0000000702500000| 99%| O|  |TS  0|AC  0|TAMS 0x0000000702400000, 0x0000000702400000|
|  37|0x0000000702500000, 0x00000007025ffff0, 0x0000000702600000| 99%| O|  |TS  0|AC  0|TAMS 0x0000000702500000, 0x0000000702500000|
|  38|0x0000000702600000, 0x00000007026ffff0, 0x0000000702700000| 99%| O|  |TS  0|AC  0|TAMS 0x0000000702600000, 0x0000000702600000|
|  39|0x0000000702700000, 0x00000007027ffe38, 0x0000000702800000| 99%| O|  |TS  0|AC  0|TAMS 0x0000000702700000, 0x0000000702700000|
|  40|0x0000000702800000, 0x00000007028ff960, 0x0000000702900000| 99%| O|  |TS  0|AC  0|TAMS 0x0000000702800000, 0x0000000702800000|
|  41|0x0000000702900000, 0x00000007029ffcc0, 0x0000000702a00000| 99%| O|  |TS  0|AC  0|TAMS 0x0000000702900000, 0x0000000702900000|
|  42|0x0000000702a00000, 0x0000000702afff78, 0x0000000702b00000| 99%| O|  |TS  0|AC  0|TAMS 0x0000000702a00000, 0x0000000702a00000|
|  43|0x0000000702b00000, 0x0000000702bffff0, 0x0000000702c00000| 99%| O|  |TS  0|AC  0|TAMS 0x0000000702b00000, 0x0000000702b00000|
|  44|0x0000000702c00000, 0x0000000702d00000, 0x0000000702d00000|100%| O|  |TS  0|AC  0|TAMS 0x0000000702c00000, 0x0000000702c00000|
|  45|0x0000000702d00000, 0x0000000702dfffb8, 0x0000000702e00000| 99%| O|  |TS  0|AC  0|TAMS 0x0000000702d00000, 0x0000000702d00000|
|  46|0x0000000702e00000, 0x0000000702f00000, 0x0000000702f00000|100%|HS|  |TS  0|AC  0|TAMS 0x0000000702e00000, 0x0000000702e00000|
|  47|0x0000000702f00000, 0x0000000703000000, 0x0000000703000000|100%|HC|  |TS  0|AC  0|TAMS 0x0000000702f00000, 0x0000000702f00000|
|  48|0x0000000703000000, 0x0000000703100000, 0x0000000703100000|100%|HC|  |TS  0|AC  0|TAMS 0x0000000703000000, 0x0000000703000000|
|  49|0x0000000703100000, 0x0000000703200000, 0x0000000703200000|100%|HC|  |TS  0|AC  0|TAMS 0x0000000703100000, 0x0000000703100000|
|  50|0x0000000703200000, 0x0000000703300000, 0x0000000703300000|100%|HC|  |TS  0|AC  0|TAMS 0x0000000703200000, 0x0000000703200000|
|  51|0x0000000703300000, 0x0000000703400000, 0x0000000703400000|100%|HC|  |TS  0|AC  0|TAMS 0x0000000703300000, 0x0000000703300000|
|  52|0x0000000703400000, 0x0000000703500000, 0x0000000703500000|100%|HC|  |TS  0|AC  0|TAMS 0x0000000703400000, 0x0000000703400000|
|  53|0x0000000703500000, 0x0000000703600000, 0x0000000703600000|100%|HC|  |TS  0|AC  0|TAMS 0x0000000703500000, 0x0000000703500000|
|  54|0x0000000703600000, 0x00000007036ffff0, 0x0000000703700000| 99%| O|  |TS  0|AC  0|TAMS 0x0000000703600000, 0x0000000703600000|
|  55|0x0000000703700000, 0x0000000703800000, 0x0000000703800000|100%| O|  |TS  0|AC  0|TAMS 0x0000000703700000, 0x0000000703700000|
|  56|0x0000000703800000, 0x00000007038ffff0, 0x0000000703900000| 99%| O|  |TS  0|AC  0|TAMS 0x0000000703800000, 0x0000000703800000|
|  57|0x0000000703900000, 0x00000007039fffe8, 0x0000000703a00000| 99%| O|  |TS  0|AC  0|TAMS 0x0000000703900000, 0x0000000703900000|
|  58|0x0000000703a00000, 0x0000000703afffc8, 0x0000000703b00000| 99%| O|  |TS  0|AC  0|TAMS 0x0000000703a00000, 0x0000000703a00000|
|  59|0x0000000703b00000, 0x0000000703bfffe8, 0x0000000703c00000| 99%| O|  |TS  0|AC  0|TAMS 0x0000000703b00000, 0x0000000703b00000|
|  60|0x0000000703c00000, 0x0000000703d00000, 0x0000000703d00000|100%| O|  |TS  0|AC  0|TAMS 0x0000000703c00000, 0x0000000703c00000|
|  61|0x0000000703d00000, 0x0000000703dfffe8, 0x0000000703e00000| 99%| O|  |TS  0|AC  0|TAMS 0x0000000703d00000, 0x0000000703d00000|
|  62|0x0000000703e00000, 0x0000000703efffd8, 0x0000000703f00000| 99%| O|  |TS  0|AC  0|TAMS 0x0000000703e00000, 0x0000000703e00000|
|  63|0x0000000703f00000, 0x0000000703fffe20, 0x0000000704000000| 99%| O|  |TS  0|AC  0|TAMS 0x0000000703f00000, 0x0000000703f00000|
|  64|0x0000000704000000, 0x00000007040ffff0, 0x0000000704100000| 99%| O|  |TS  0|AC  0|TAMS 0x0000000704000000, 0x0000000704000000|
|  65|0x0000000704100000, 0x00000007041fffc8, 0x0000000704200000| 99%| O|  |TS  0|AC  0|TAMS 0x0000000704100000, 0x0000000704100000|
|  66|0x0000000704200000, 0x00000007042ffc98, 0x0000000704300000| 99%| O|  |TS  0|AC  0|TAMS 0x0000000704200000, 0x0000000704200000|
|  67|0x0000000704300000, 0x00000007043ffff0, 0x0000000704400000| 99%| O|  |TS  0|AC  0|TAMS 0x0000000704300000, 0x0000000704300000|
|  68|0x0000000704400000, 0x00000007044ffe88, 0x0000000704500000| 99%| O|  |TS  0|AC  0|TAMS 0x0000000704400000, 0x0000000704400000|
|  69|0x0000000704500000, 0x00000007045ffea8, 0x0000000704600000| 99%| O|  |TS  0|AC  0|TAMS 0x0000000704500000, 0x0000000704500000|
|  70|0x0000000704600000, 0x0000000704700000, 0x0000000704700000|100%| O|  |TS  0|AC  0|TAMS 0x0000000704600000, 0x0000000704600000|
|  71|0x0000000704700000, 0x0000000704800000, 0x0000000704800000|100%|HS|  |TS  0|AC  0|TAMS 0x0000000704700000, 0x0000000704700000|
|  72|0x0000000704800000, 0x0000000704900000, 0x0000000704900000|100%| O|  |TS  0|AC  0|TAMS 0x0000000704800000, 0x0000000704800000|
|  73|0x0000000704900000, 0x00000007049fd8a0, 0x0000000704a00000| 99%| O|  |TS  0|AC  0|TAMS 0x0000000704900000, 0x0000000704900000|
|  74|0x0000000704a00000, 0x0000000704afff80, 0x0000000704b00000| 99%| O|  |TS  0|AC  0|TAMS 0x0000000704a00000, 0x0000000704a00000|
|  75|0x0000000704b00000, 0x0000000704bffff0, 0x0000000704c00000| 99%| O|  |TS  0|AC  0|TAMS 0x0000000704b00000, 0x0000000704b00000|
|  76|0x0000000704c00000, 0x0000000704cffec0, 0x0000000704d00000| 99%| O|  |TS  0|AC  0|TAMS 0x0000000704c00000, 0x0000000704c00000|
|  77|0x0000000704d00000, 0x0000000704dffff0, 0x0000000704e00000| 99%| O|  |TS  0|AC  0|TAMS 0x0000000704d00000, 0x0000000704d00000|
|  78|0x0000000704e00000, 0x0000000704efff38, 0x0000000704f00000| 99%| O|  |TS  0|AC  0|TAMS 0x0000000704e00000, 0x0000000704e00000|
|  79|0x0000000704f00000, 0x0000000704ffe8f8, 0x0000000705000000| 99%| O|  |TS  0|AC  0|TAMS 0x0000000704f00000, 0x0000000704f00000|
|  80|0x0000000705000000, 0x00000007050fffa0, 0x0000000705100000| 99%| O|  |TS  0|AC  0|TAMS 0x0000000705000000, 0x0000000705000000|
|  81|0x0000000705100000, 0x00000007051fffe8, 0x0000000705200000| 99%| O|  |TS  0|AC  0|TAMS 0x0000000705100000, 0x0000000705100000|
|  82|0x0000000705200000, 0x00000007052ffff0, 0x0000000705300000| 99%| O|  |TS  0|AC  0|TAMS 0x0000000705200000, 0x0000000705200000|
|  83|0x0000000705300000, 0x0000000705400000, 0x0000000705400000|100%|HS|  |TS  0|AC  0|TAMS 0x0000000705300000, 0x0000000705300000|
|  84|0x0000000705400000, 0x00000007054dbab8, 0x0000000705500000| 85%| O|  |TS  0|AC  0|TAMS 0x0000000705400000, 0x0000000705400000|
|  85|0x0000000705500000, 0x0000000705600000, 0x0000000705600000|100%| O|  |TS125|AC  0|TAMS 0x0000000705500000, 0x0000000705500000|
|  86|0x0000000705600000, 0x00000007056d9e00, 0x0000000705700000| 85%| O|  |TS157|AC  0|TAMS 0x0000000705600000, 0x0000000705600000|
|  87|0x0000000705700000, 0x0000000705800000, 0x0000000705800000|100%|HS|  |TS  0|AC  0|TAMS 0x0000000705700000, 0x0000000705700000|
|  88|0x0000000705800000, 0x0000000705900000, 0x0000000705900000|100%|HC|  |TS  0|AC  0|TAMS 0x0000000705800000, 0x0000000705800000|
|  89|0x0000000705900000, 0x0000000705900000, 0x0000000705a00000|  0%| F|  |TS  0|AC  0|TAMS 0x0000000705900000, 0x0000000705900000|
|  90|0x0000000705a00000, 0x0000000705a00000, 0x0000000705b00000|  0%| F|  |TS  0|AC  0|TAMS 0x0000000705a00000, 0x0000000705a00000|
|  91|0x0000000705b00000, 0x0000000705b00000, 0x0000000705c00000|  0%| F|  |TS  0|AC  0|TAMS 0x0000000705b00000, 0x0000000705b00000|
|  92|0x0000000705c00000, 0x0000000705c00000, 0x0000000705d00000|  0%| F|  |TS  0|AC  0|TAMS 0x0000000705c00000, 0x0000000705c00000|
|  93|0x0000000705d00000, 0x0000000705d00000, 0x0000000705e00000|  0%| F|  |TS  0|AC  0|TAMS 0x0000000705d00000, 0x0000000705d00000|
|  94|0x0000000705e00000, 0x0000000705e00000, 0x0000000705f00000|  0%| F|  |TS  0|AC  0|TAMS 0x0000000705e00000, 0x0000000705e00000|
|  95|0x0000000705f00000, 0x0000000705f00000, 0x0000000706000000|  0%| F|  |TS  0|AC  0|TAMS 0x0000000705f00000, 0x0000000705f00000|
|  96|0x0000000706000000, 0x0000000706000000, 0x0000000706100000|  0%| F|  |TS  0|AC  0|TAMS 0x0000000706000000, 0x0000000706000000|
|  97|0x0000000706100000, 0x0000000706100000, 0x0000000706200000|  0%| F|  |TS  0|AC  0|TAMS 0x0000000706100000, 0x0000000706100000|
|  98|0x0000000706200000, 0x0000000706200000, 0x0000000706300000|  0%| F|  |TS  0|AC  0|TAMS 0x0000000706200000, 0x0000000706200000|
|  99|0x0000000706300000, 0x0000000706300000, 0x0000000706400000|  0%| F|  |TS  0|AC  0|TAMS 0x0000000706300000, 0x0000000706300000|
| 100|0x0000000706400000, 0x0000000706400000, 0x0000000706500000|  0%| F|  |TS  0|AC  0|TAMS 0x0000000706400000, 0x0000000706400000|
| 101|0x0000000706500000, 0x0000000706500000, 0x0000000706600000|  0%| F|  |TS  0|AC  0|TAMS 0x0000000706500000, 0x0000000706500000|
| 102|0x0000000706600000, 0x0000000706600000, 0x0000000706700000|  0%| F|  |TS  0|AC  0|TAMS 0x0000000706600000, 0x0000000706600000|
| 103|0x0000000706700000, 0x0000000706700000, 0x0000000706800000|  0%| F|  |TS  0|AC  0|TAMS 0x0000000706700000, 0x0000000706700000|
| 104|0x0000000706800000, 0x0000000706800000, 0x0000000706900000|  0%| F|  |TS  0|AC  0|TAMS 0x0000000706800000, 0x0000000706800000|
| 105|0x0000000706900000, 0x0000000706900000, 0x0000000706a00000|  0%| F|  |TS  0|AC  0|TAMS 0x0000000706900000, 0x0000000706900000|
| 106|0x0000000706a00000, 0x0000000706a00000, 0x0000000706b00000|  0%| F|  |TS  0|AC  0|TAMS 0x0000000706a00000, 0x0000000706a00000|
| 107|0x0000000706b00000, 0x0000000706b00000, 0x0000000706c00000|  0%| F|  |TS  0|AC  0|TAMS 0x0000000706b00000, 0x0000000706b00000|
| 108|0x0000000706c00000, 0x0000000706c00000, 0x0000000706d00000|  0%| F|  |TS  0|AC  0|TAMS 0x0000000706c00000, 0x0000000706c00000|
| 109|0x0000000706d00000, 0x0000000706d00000, 0x0000000706e00000|  0%| F|  |TS  0|AC  0|TAMS 0x0000000706d00000, 0x0000000706d00000|
| 110|0x0000000706e00000, 0x0000000706e00000, 0x0000000706f00000|  0%| F|  |TS  0|AC  0|TAMS 0x0000000706e00000, 0x0000000706e00000|
| 111|0x0000000706f00000, 0x0000000706f00000, 0x0000000707000000|  0%| F|  |TS  0|AC  0|TAMS 0x0000000706f00000, 0x0000000706f00000|
| 112|0x0000000707000000, 0x0000000707000000, 0x0000000707100000|  0%| F|  |TS  0|AC  0|TAMS 0x0000000707000000, 0x0000000707000000|
| 113|0x0000000707100000, 0x0000000707100000, 0x0000000707200000|  0%| F|  |TS  0|AC  0|TAMS 0x0000000707100000, 0x0000000707100000|
| 114|0x0000000707200000, 0x0000000707200000, 0x0000000707300000|  0%| F|  |TS  0|AC  0|TAMS 0x0000000707200000, 0x0000000707200000|
| 115|0x0000000707300000, 0x0000000707300000, 0x0000000707400000|  0%| F|  |TS  0|AC  0|TAMS 0x0000000707300000, 0x0000000707300000|
| 116|0x0000000707400000, 0x0000000707400000, 0x0000000707500000|  0%| F|  |TS  0|AC  0|TAMS 0x0000000707400000, 0x0000000707400000|
| 117|0x0000000707500000, 0x0000000707500000, 0x0000000707600000|  0%| F|  |TS  0|AC  0|TAMS 0x0000000707500000, 0x0000000707500000|
| 118|0x0000000707600000, 0x0000000707600000, 0x0000000707700000|  0%| F|  |TS  0|AC  0|TAMS 0x0000000707600000, 0x0000000707600000|
| 119|0x0000000707700000, 0x0000000707700000, 0x0000000707800000|  0%| F|  |TS  0|AC  0|TAMS 0x0000000707700000, 0x0000000707700000|
| 120|0x0000000707800000, 0x0000000707800000, 0x0000000707900000|  0%| F|  |TS  0|AC  0|TAMS 0x0000000707800000, 0x0000000707800000|
| 121|0x0000000707900000, 0x0000000707900000, 0x0000000707a00000|  0%| F|  |TS  0|AC  0|TAMS 0x0000000707900000, 0x0000000707900000|
| 122|0x0000000707a00000, 0x0000000707a00000, 0x0000000707b00000|  0%| F|  |TS  0|AC  0|TAMS 0x0000000707a00000, 0x0000000707a00000|
| 123|0x0000000707b00000, 0x0000000707b00000, 0x0000000707c00000|  0%| F|  |TS  0|AC  0|TAMS 0x0000000707b00000, 0x0000000707b00000|
| 124|0x0000000707c00000, 0x0000000707c00000, 0x0000000707d00000|  0%| F|  |TS  0|AC  0|TAMS 0x0000000707c00000, 0x0000000707c00000|
| 125|0x0000000707d00000, 0x0000000707d00000, 0x0000000707e00000|  0%| F|  |TS  0|AC  0|TAMS 0x0000000707d00000, 0x0000000707d00000|
| 126|0x0000000707e00000, 0x0000000707e00000, 0x0000000707f00000|  0%| F|  |TS  0|AC  0|TAMS 0x0000000707e00000, 0x0000000707e00000|
| 127|0x0000000707f00000, 0x0000000707f00000, 0x0000000708000000|  0%| F|  |TS  0|AC  0|TAMS 0x0000000707f00000, 0x0000000707f00000|
| 128|0x0000000708000000, 0x0000000708000000, 0x0000000708100000|  0%| F|  |TS  0|AC  0|TAMS 0x0000000708000000, 0x0000000708000000|
| 129|0x0000000708100000, 0x0000000708100000, 0x0000000708200000|  0%| F|  |TS  0|AC  0|TAMS 0x0000000708100000, 0x0000000708100000|
| 130|0x0000000708200000, 0x0000000708200000, 0x0000000708300000|  0%| F|  |TS  0|AC  0|TAMS 0x0000000708200000, 0x0000000708200000|
| 131|0x0000000708300000, 0x0000000708300000, 0x0000000708400000|  0%| F|  |TS  0|AC  0|TAMS 0x0000000708300000, 0x0000000708300000|
| 132|0x0000000708400000, 0x0000000708400000, 0x0000000708500000|  0%| F|  |TS  0|AC  0|TAMS 0x0000000708400000, 0x0000000708400000|
| 133|0x0000000708500000, 0x0000000708500000, 0x0000000708600000|  0%| F|  |TS  0|AC  0|TAMS 0x0000000708500000, 0x0000000708500000|
| 134|0x0000000708600000, 0x0000000708600000, 0x0000000708700000|  0%| F|  |TS  0|AC  0|TAMS 0x0000000708600000, 0x0000000708600000|
| 135|0x0000000708700000, 0x0000000708700000, 0x0000000708800000|  0%| F|  |TS  0|AC  0|TAMS 0x0000000708700000, 0x0000000708700000|
| 136|0x0000000708800000, 0x0000000708800000, 0x0000000708900000|  0%| F|  |TS  0|AC  0|TAMS 0x0000000708800000, 0x0000000708800000|
| 137|0x0000000708900000, 0x0000000708900000, 0x0000000708a00000|  0%| F|  |TS  0|AC  0|TAMS 0x0000000708900000, 0x0000000708900000|
| 138|0x0000000708a00000, 0x0000000708a00000, 0x0000000708b00000|  0%| F|  |TS  0|AC  0|TAMS 0x0000000708a00000, 0x0000000708a00000|
| 139|0x0000000708b00000, 0x0000000708b00000, 0x0000000708c00000|  0%| F|  |TS  0|AC  0|TAMS 0x0000000708b00000, 0x0000000708b00000|
| 140|0x0000000708c00000, 0x0000000708c00000, 0x0000000708d00000|  0%| F|  |TS  0|AC  0|TAMS 0x0000000708c00000, 0x0000000708c00000|
| 141|0x0000000708d00000, 0x0000000708d00000, 0x0000000708e00000|  0%| F|  |TS  0|AC  0|TAMS 0x0000000708d00000, 0x0000000708d00000|
| 142|0x0000000708e00000, 0x0000000708e00000, 0x0000000708f00000|  0%| F|  |TS  0|AC  0|TAMS 0x0000000708e00000, 0x0000000708e00000|
| 143|0x0000000708f00000, 0x0000000708f00000, 0x0000000709000000|  0%| F|  |TS  0|AC  0|TAMS 0x0000000708f00000, 0x0000000708f00000|
| 144|0x0000000709000000, 0x0000000709000000, 0x0000000709100000|  0%| F|  |TS  0|AC  0|TAMS 0x0000000709000000, 0x0000000709000000|
| 145|0x0000000709100000, 0x0000000709100000, 0x0000000709200000|  0%| F|  |TS  0|AC  0|TAMS 0x0000000709100000, 0x0000000709100000|
| 146|0x0000000709200000, 0x0000000709200000, 0x0000000709300000|  0%| F|  |TS  0|AC  0|TAMS 0x0000000709200000, 0x0000000709200000|
| 147|0x0000000709300000, 0x0000000709300000, 0x0000000709400000|  0%| F|  |TS  0|AC  0|TAMS 0x0000000709300000, 0x0000000709300000|
| 148|0x0000000709400000, 0x0000000709400000, 0x0000000709500000|  0%| F|  |TS  0|AC  0|TAMS 0x0000000709400000, 0x0000000709400000|
| 149|0x0000000709500000, 0x0000000709500000, 0x0000000709600000|  0%| F|  |TS  0|AC  0|TAMS 0x0000000709500000, 0x0000000709500000|
| 150|0x0000000709600000, 0x0000000709600000, 0x0000000709700000|  0%| F|  |TS  0|AC  0|TAMS 0x0000000709600000, 0x0000000709600000|
| 151|0x0000000709700000, 0x0000000709700000, 0x0000000709800000|  0%| F|  |TS  0|AC  0|TAMS 0x0000000709700000, 0x0000000709700000|
| 152|0x0000000709800000, 0x0000000709800000, 0x0000000709900000|  0%| F|  |TS  0|AC  0|TAMS 0x0000000709800000, 0x0000000709800000|
| 153|0x0000000709900000, 0x0000000709900000, 0x0000000709a00000|  0%| F|  |TS  0|AC  0|TAMS 0x0000000709900000, 0x0000000709900000|
| 154|0x0000000709a00000, 0x0000000709a00000, 0x0000000709b00000|  0%| F|  |TS  0|AC  0|TAMS 0x0000000709a00000, 0x0000000709a00000|
| 155|0x0000000709b00000, 0x0000000709b00000, 0x0000000709c00000|  0%| F|  |TS  0|AC  0|TAMS 0x0000000709b00000, 0x0000000709b00000|
| 156|0x0000000709c00000, 0x0000000709c00000, 0x0000000709d00000|  0%| F|  |TS  0|AC  0|TAMS 0x0000000709c00000, 0x0000000709c00000|
| 157|0x0000000709d00000, 0x0000000709d00000, 0x0000000709e00000|  0%| F|  |TS  0|AC  0|TAMS 0x0000000709d00000, 0x0000000709d00000|
| 158|0x0000000709e00000, 0x0000000709e00000, 0x0000000709f00000|  0%| F|  |TS  0|AC  0|TAMS 0x0000000709e00000, 0x0000000709e00000|
| 159|0x0000000709f00000, 0x0000000709f00000, 0x000000070a000000|  0%| F|  |TS 69|AC  0|TAMS 0x0000000709f00000, 0x0000000709f00000|
| 160|0x000000070a000000, 0x000000070a000000, 0x000000070a100000|  0%| F|  |TS157|AC  0|TAMS 0x000000070a000000, 0x000000070a000000|
| 161|0x000000070a100000, 0x000000070a100000, 0x000000070a200000|  0%| F|  |TS155|AC  0|TAMS 0x000000070a100000, 0x000000070a100000|
| 162|0x000000070a200000, 0x000000070a200000, 0x000000070a300000|  0%| F|  |TS157|AC  0|TAMS 0x000000070a200000, 0x000000070a200000|
| 163|0x000000070a300000, 0x000000070a3dd9f8, 0x000000070a400000| 86%| S|CS|TS157|AC  0|TAMS 0x000000070a300000, 0x000000070a300000|
| 164|0x000000070a400000, 0x000000070a400000, 0x000000070a500000|  0%| F|  |TS157|AC  0|TAMS 0x000000070a400000, 0x000000070a400000|
| 165|0x000000070a500000, 0x000000070a500000, 0x000000070a600000|  0%| F|  |TS157|AC  0|TAMS 0x000000070a500000, 0x000000070a500000|
| 166|0x000000070a600000, 0x000000070a600000, 0x000000070a700000|  0%| F|  |TS157|AC  0|TAMS 0x000000070a600000, 0x000000070a600000|
| 167|0x000000070a700000, 0x000000070a700000, 0x000000070a800000|  0%| F|  |TS157|AC  0|TAMS 0x000000070a700000, 0x000000070a700000|
| 168|0x000000070a800000, 0x000000070a800000, 0x000000070a900000|  0%| F|  |TS157|AC  0|TAMS 0x000000070a800000, 0x000000070a800000|
| 169|0x000000070a900000, 0x000000070a900000, 0x000000070aa00000|  0%| F|  |TS157|AC  0|TAMS 0x000000070a900000, 0x000000070a900000|
| 170|0x000000070aa00000, 0x000000070aa00000, 0x000000070ab00000|  0%| F|  |TS157|AC  0|TAMS 0x000000070aa00000, 0x000000070aa00000|
| 171|0x000000070ab00000, 0x000000070ab00000, 0x000000070ac00000|  0%| F|  |TS157|AC  0|TAMS 0x000000070ab00000, 0x000000070ab00000|
| 172|0x000000070ac00000, 0x000000070ac00000, 0x000000070ad00000|  0%| F|  |TS157|AC  0|TAMS 0x000000070ac00000, 0x000000070ac00000|
| 173|0x000000070ad00000, 0x000000070ad00000, 0x000000070ae00000|  0%| F|  |TS157|AC  0|TAMS 0x000000070ad00000, 0x000000070ad00000|
| 174|0x000000070ae00000, 0x000000070ae00000, 0x000000070af00000|  0%| F|  |TS157|AC  0|TAMS 0x000000070ae00000, 0x000000070ae00000|
| 175|0x000000070af00000, 0x000000070af00000, 0x000000070b000000|  0%| F|  |TS157|AC  0|TAMS 0x000000070af00000, 0x000000070af00000|
| 176|0x000000070b000000, 0x000000070b000000, 0x000000070b100000|  0%| F|  |TS157|AC  0|TAMS 0x000000070b000000, 0x000000070b000000|
| 177|0x000000070b100000, 0x000000070b100000, 0x000000070b200000|  0%| F|  |TS157|AC  0|TAMS 0x000000070b100000, 0x000000070b100000|
| 178|0x000000070b200000, 0x000000070b200000, 0x000000070b300000|  0%| F|  |TS157|AC  0|TAMS 0x000000070b200000, 0x000000070b200000|
| 179|0x000000070b300000, 0x000000070b300000, 0x000000070b400000|  0%| F|  |TS157|AC  0|TAMS 0x000000070b300000, 0x000000070b300000|
| 180|0x000000070b400000, 0x000000070b400000, 0x000000070b500000|  0%| F|  |TS157|AC  0|TAMS 0x000000070b400000, 0x000000070b400000|
| 181|0x000000070b500000, 0x000000070b500000, 0x000000070b600000|  0%| F|  |TS157|AC  0|TAMS 0x000000070b500000, 0x000000070b500000|
| 182|0x000000070b600000, 0x000000070b600000, 0x000000070b700000|  0%| F|  |TS157|AC  0|TAMS 0x000000070b600000, 0x000000070b600000|
| 183|0x000000070b700000, 0x000000070b700000, 0x000000070b800000|  0%| F|  |TS157|AC  0|TAMS 0x000000070b700000, 0x000000070b700000|
| 184|0x000000070b800000, 0x000000070b800000, 0x000000070b900000|  0%| F|  |TS157|AC  0|TAMS 0x000000070b800000, 0x000000070b800000|
| 185|0x000000070b900000, 0x000000070b900000, 0x000000070ba00000|  0%| F|  |TS157|AC  0|TAMS 0x000000070b900000, 0x000000070b900000|
| 186|0x000000070ba00000, 0x000000070ba00000, 0x000000070bb00000|  0%| F|  |TS157|AC  0|TAMS 0x000000070ba00000, 0x000000070ba00000|
| 187|0x000000070bb00000, 0x000000070bb00000, 0x000000070bc00000|  0%| F|  |TS157|AC  0|TAMS 0x000000070bb00000, 0x000000070bb00000|
| 188|0x000000070bc00000, 0x000000070bc00000, 0x000000070bd00000|  0%| F|  |TS157|AC  0|TAMS 0x000000070bc00000, 0x000000070bc00000|
| 189|0x000000070bd00000, 0x000000070bd00000, 0x000000070be00000|  0%| F|  |TS157|AC  0|TAMS 0x000000070bd00000, 0x000000070bd00000|
| 190|0x000000070be00000, 0x000000070be00000, 0x000000070bf00000|  0%| F|  |TS157|AC  0|TAMS 0x000000070be00000, 0x000000070be00000|
| 191|0x000000070bf00000, 0x000000070bf00000, 0x000000070c000000|  0%| F|  |TS157|AC  0|TAMS 0x000000070bf00000, 0x000000070bf00000|
| 192|0x000000070c000000, 0x000000070c0bcda8, 0x000000070c100000| 73%| E|  |TS157|AC  0|TAMS 0x000000070c000000, 0x000000070c000000|
| 193|0x000000070c100000, 0x000000070c200000, 0x000000070c200000|100%| E|CS|TS157|AC  0|TAMS 0x000000070c100000, 0x000000070c100000|
| 194|0x000000070c200000, 0x000000070c300000, 0x000000070c300000|100%| E|CS|TS157|AC  0|TAMS 0x000000070c200000, 0x000000070c200000|
| 195|0x000000070c300000, 0x000000070c400000, 0x000000070c400000|100%| E|CS|TS157|AC  0|TAMS 0x000000070c300000, 0x000000070c300000|
| 196|0x000000070c400000, 0x000000070c500000, 0x000000070c500000|100%| E|CS|TS157|AC  0|TAMS 0x000000070c400000, 0x000000070c400000|
| 197|0x000000070c500000, 0x000000070c600000, 0x000000070c600000|100%| E|CS|TS157|AC  0|TAMS 0x000000070c500000, 0x000000070c500000|
| 198|0x000000070c600000, 0x000000070c700000, 0x000000070c700000|100%| E|CS|TS157|AC  0|TAMS 0x000000070c600000, 0x000000070c600000|
| 199|0x000000070c700000, 0x000000070c800000, 0x000000070c800000|100%| E|CS|TS157|AC  0|TAMS 0x000000070c700000, 0x000000070c700000|
| 200|0x000000070c800000, 0x000000070c900000, 0x000000070c900000|100%| E|CS|TS157|AC  0|TAMS 0x000000070c800000, 0x000000070c800000|
| 201|0x000000070c900000, 0x000000070ca00000, 0x000000070ca00000|100%| E|CS|TS157|AC  0|TAMS 0x000000070c900000, 0x000000070c900000|
| 202|0x000000070ca00000, 0x000000070cb00000, 0x000000070cb00000|100%| E|CS|TS157|AC  0|TAMS 0x000000070ca00000, 0x000000070ca00000|
| 203|0x000000070cb00000, 0x000000070cc00000, 0x000000070cc00000|100%| E|CS|TS157|AC  0|TAMS 0x000000070cb00000, 0x000000070cb00000|
| 204|0x000000070cc00000, 0x000000070cd00000, 0x000000070cd00000|100%| E|CS|TS157|AC  0|TAMS 0x000000070cc00000, 0x000000070cc00000|
| 205|0x000000070cd00000, 0x000000070ce00000, 0x000000070ce00000|100%| E|CS|TS157|AC  0|TAMS 0x000000070cd00000, 0x000000070cd00000|
| 206|0x000000070ce00000, 0x000000070cf00000, 0x000000070cf00000|100%| E|CS|TS157|AC  0|TAMS 0x000000070ce00000, 0x000000070ce00000|
| 207|0x000000070cf00000, 0x000000070d000000, 0x000000070d000000|100%| E|CS|TS157|AC  0|TAMS 0x000000070cf00000, 0x000000070cf00000|
| 208|0x000000070d000000, 0x000000070d100000, 0x000000070d100000|100%| E|CS|TS157|AC  0|TAMS 0x000000070d000000, 0x000000070d000000|
| 209|0x000000070d100000, 0x000000070d200000, 0x000000070d200000|100%| E|CS|TS157|AC  0|TAMS 0x000000070d100000, 0x000000070d100000|
| 210|0x000000070d200000, 0x000000070d300000, 0x000000070d300000|100%| E|CS|TS157|AC  0|TAMS 0x000000070d200000, 0x000000070d200000|
| 211|0x000000070d300000, 0x000000070d400000, 0x000000070d400000|100%| E|CS|TS157|AC  0|TAMS 0x000000070d300000, 0x000000070d300000|
| 212|0x000000070d400000, 0x000000070d500000, 0x000000070d500000|100%| E|CS|TS157|AC  0|TAMS 0x000000070d400000, 0x000000070d400000|
| 213|0x000000070d500000, 0x000000070d600000, 0x000000070d600000|100%| E|CS|TS157|AC  0|TAMS 0x000000070d500000, 0x000000070d500000|
| 214|0x000000070d600000, 0x000000070d700000, 0x000000070d700000|100%| E|CS|TS157|AC  0|TAMS 0x000000070d600000, 0x000000070d600000|
| 215|0x000000070d700000, 0x000000070d800000, 0x000000070d800000|100%| E|CS|TS157|AC  0|TAMS 0x000000070d700000, 0x000000070d700000|
| 216|0x000000070d800000, 0x000000070d900000, 0x000000070d900000|100%| E|CS|TS157|AC  0|TAMS 0x000000070d800000, 0x000000070d800000|
| 217|0x000000070d900000, 0x000000070da00000, 0x000000070da00000|100%| E|CS|TS157|AC  0|TAMS 0x000000070d900000, 0x000000070d900000|
| 218|0x000000070da00000, 0x000000070db00000, 0x000000070db00000|100%| E|CS|TS157|AC  0|TAMS 0x000000070da00000, 0x000000070da00000|
| 219|0x000000070db00000, 0x000000070dc00000, 0x000000070dc00000|100%| E|CS|TS157|AC  0|TAMS 0x000000070db00000, 0x000000070db00000|
| 220|0x000000070dc00000, 0x000000070dd00000, 0x000000070dd00000|100%| E|CS|TS157|AC  0|TAMS 0x000000070dc00000, 0x000000070dc00000|
| 221|0x000000070dd00000, 0x000000070de00000, 0x000000070de00000|100%| E|CS|TS157|AC  0|TAMS 0x000000070dd00000, 0x000000070dd00000|

Card table byte_map: [0x000001954a490000,0x000001954aa90000] byte_map_base: 0x0000019546c90000

Marking Bits (Prev, Next): (CMBitMap*) 0x000001954c095d20, (CMBitMap*) 0x000001954c095d58
 Prev Bits: [0x0000019562e60000, 0x0000019565e60000)
 Next Bits: [0x0000019565e60000, 0x0000019568e60000)

Polling page: 0x0000019542e20000

CodeHeap 'non-profiled nmethods': size=120000Kb used=33261Kb max_used=33261Kb free=86738Kb
 bounds [0x000001955b330000, 0x000001955d3b0000, 0x0000019562860000]
CodeHeap 'profiled nmethods': size=120000Kb used=48266Kb max_used=52885Kb free=71734Kb
 bounds [0x0000019553e00000, 0x00000195571f0000, 0x000001955b330000]
CodeHeap 'non-nmethods': size=5760Kb used=1840Kb max_used=1894Kb free=3919Kb
 bounds [0x0000019553860000, 0x0000019553ad0000, 0x0000019553e00000]
 total_blobs=47675 nmethods=22423 adapters=1191
 compilation: enabled

Compilation events (10 events):
Event: 17846.305 Thread 0x0000019548658800 31453       1       ui.data.simulation.c::getTypeName (3 bytes)
Event: 17846.305 Thread 0x0000019548658800 nmethod 31453 0x000001955d3acd10 code [0x000001955d3acec0, 0x000001955d3acfd8]
Event: 17860.817 Thread 0x0000019548658000 31454       4       ui.data.common.o::<init> (36 bytes)
Event: 17860.822 Thread 0x0000019548658000 nmethod 31454 0x000001955d3ad090 code [0x000001955d3ad220, 0x000001955d3ad798]
Event: 17862.424 Thread 0x0000019548658800 31455       1       java.awt.Window::mixOnReshaping (1 bytes)
Event: 17862.424 Thread 0x0000019548658800 nmethod 31455 0x000001955d3ad890 code [0x000001955d3ada40, 0x000001955d3adb58]
Event: 17863.995 Thread 0x0000019548658800 31456       3       javax.swing.plaf.basic.BasicComboBoxUI::getMaximumSize (14 bytes)
Event: 17863.996 Thread 0x0000019548658800 nmethod 31456 0x0000019554ce4210 code [0x0000019554ce43e0, 0x0000019554ce46b8]
Event: 17871.567 Thread 0x0000019548656000 31457       4       ui.views.dj::a (121 bytes)
Event: 17871.573 Thread 0x0000019548656000 nmethod 31457 0x000001955d3adc10 code [0x000001955d3addc0, 0x000001955d3ae0e8]

GC Heap History (10 events):
Event: 17860.146 GC heap before
{Heap before GC invocations=2669 (full 48):
 garbage-first heap   total 227328K, used 151735K [0x0000000700000000, 0x00000007001006f0, 0x00000007c0000000)
  region size 1024K, 60 young (61440K), 1 survivors (1024K)
 Metaspace       used 93273K, capacity 96001K, committed 101964K, reserved 1136640K
  class space    used 12184K, capacity 12741K, committed 13952K, reserved 1048576K
}
Event: 17860.153 GC heap after
{Heap after GC invocations=2670 (full 48):
 garbage-first heap   total 227328K, used 91423K [0x0000000700000000, 0x00000007001006f0, 0x00000007c0000000)
  region size 1024K, 2 young (2048K), 2 survivors (2048K)
 Metaspace       used 93273K, capacity 96001K, committed 101964K, reserved 1136640K
  class space    used 12184K, capacity 12741K, committed 13952K, reserved 1048576K
}
Event: 17860.880 GC heap before
{Heap before GC invocations=2670 (full 48):
 garbage-first heap   total 227328K, used 150815K [0x0000000700000000, 0x00000007001006f0, 0x00000007c0000000)
  region size 1024K, 60 young (61440K), 2 survivors (2048K)
 Metaspace       used 93273K, capacity 96001K, committed 101964K, reserved 1136640K
  class space    used 12184K, capacity 12741K, committed 13952K, reserved 1048576K
}
Event: 17860.886 GC heap after
{Heap after GC invocations=2671 (full 48):
 garbage-first heap   total 227328K, used 91348K [0x0000000700000000, 0x00000007001006f0, 0x00000007c0000000)
  region size 1024K, 1 young (1024K), 1 survivors (1024K)
 Metaspace       used 93273K, capacity 96001K, committed 101964K, reserved 1136640K
  class space    used 12184K, capacity 12741K, committed 13952K, reserved 1048576K
}
Event: 17861.134 GC heap before
{Heap before GC invocations=2671 (full 48):
 garbage-first heap   total 227328K, used 151764K [0x0000000700000000, 0x00000007001006f0, 0x00000007c0000000)
  region size 1024K, 60 young (61440K), 1 survivors (1024K)
 Metaspace       used 93273K, capacity 96001K, committed 101964K, reserved 1136640K
  class space    used 12184K, capacity 12741K, committed 13952K, reserved 1048576K
}
Event: 17861.139 GC heap after
{Heap after GC invocations=2672 (full 48):
 garbage-first heap   total 227328K, used 91363K [0x0000000700000000, 0x00000007001006f0, 0x00000007c0000000)
  region size 1024K, 1 young (1024K), 1 survivors (1024K)
 Metaspace       used 93273K, capacity 96001K, committed 101964K, reserved 1136640K
  class space    used 12184K, capacity 12741K, committed 13952K, reserved 1048576K
}
Event: 17865.406 GC heap before
{Heap before GC invocations=2672 (full 48):
 garbage-first heap   total 227328K, used 151779K [0x0000000700000000, 0x00000007001006f0, 0x00000007c0000000)
  region size 1024K, 60 young (61440K), 1 survivors (1024K)
 Metaspace       used 93274K, capacity 96001K, committed 101964K, reserved 1136640K
  class space    used 12184K, capacity 12741K, committed 13952K, reserved 1048576K
}
Event: 17865.411 GC heap after
{Heap after GC invocations=2673 (full 48):
 garbage-first heap   total 227328K, used 91417K [0x0000000700000000, 0x00000007001006f0, 0x00000007c0000000)
  region size 1024K, 2 young (2048K), 2 survivors (2048K)
 Metaspace       used 93274K, capacity 96001K, committed 101964K, reserved 1136640K
  class space    used 12184K, capacity 12741K, committed 13952K, reserved 1048576K
}
Event: 17869.939 GC heap before
{Heap before GC invocations=2673 (full 48):
 garbage-first heap   total 227328K, used 150809K [0x0000000700000000, 0x00000007001006f0, 0x00000007c0000000)
  region size 1024K, 60 young (61440K), 2 survivors (2048K)
 Metaspace       used 93274K, capacity 96001K, committed 101964K, reserved 1136640K
  class space    used 12184K, capacity 12741K, committed 13952K, reserved 1048576K
}
Event: 17869.944 GC heap after
{Heap after GC invocations=2674 (full 48):
 garbage-first heap   total 227328K, used 91260K [0x0000000700000000, 0x00000007001006f0, 0x00000007c0000000)
  region size 1024K, 1 young (1024K), 1 survivors (1024K)
 Metaspace       used 93274K, capacity 96001K, committed 101964K, reserved 1136640K
  class space    used 12184K, capacity 12741K, committed 13952K, reserved 1048576K
}

Deoptimization events (10 events):
Event: 17533.226 Thread 0x000001956cd5d000 Uncommon trap: reason=unstable_if action=reinterpret pc=0x000001955cf4d5ec method=java.awt.event.InputEvent.getModifiersExText(I)Ljava/lang/String; @ 93 c2
Event: 17533.226 Thread 0x000001956cd5d000 Uncommon trap: reason=unstable_if action=reinterpret pc=0x000001955c3ce878 method=java.awt.event.InputEvent.isShiftDown()Z @ 7 c2
Event: 17539.601 Thread 0x000001956cd5d000 Uncommon trap: reason=speculate_class_check action=maybe_recompile pc=0x000001955c5ad8d0 method=com.jidesoft.grid.JideTable.tableChanged(Ljavax/swing/event/TableModelEvent;)V @ 294 c2
Event: 17540.753 Thread 0x000001956cd5d000 Uncommon trap: reason=speculate_class_check action=maybe_recompile pc=0x000001955c5ad8d0 method=com.jidesoft.grid.JideTable.tableChanged(Ljavax/swing/event/TableModelEvent;)V @ 294 c2
Event: 17667.024 Thread 0x000001956cd5d000 Uncommon trap: reason=unstable_if action=reinterpret pc=0x000001955bfa4710 method=javax.swing.DefaultBoundedRangeModel.setRangeProperties(IIIIZ)V @ 87 c2
Event: 17667.024 Thread 0x000001956cd5d000 Uncommon trap: reason=unstable_if action=reinterpret pc=0x000001955ccddf4c method=javax.swing.plaf.basic.BasicScrollBarUI$ModelListener.stateChanged(Ljavax/swing/event/ChangeEvent;)V @ 7 c2
Event: 17667.024 Thread 0x000001956cd5d000 Uncommon trap: reason=unstable_if action=reinterpret pc=0x000001955c33c36c method=javax.swing.plaf.synth.SynthScrollBarUI.getComponentState(Ljavax/swing/JComponent;Ljavax/swing/plaf/synth/Region;)I @ 18 c2
Event: 17667.025 Thread 0x000001956cd5d000 Uncommon trap: reason=unstable_if action=reinterpret pc=0x000001955c943784 method=de.javasoft.plaf.synthetica.painter.ScrollBarPainter.paintScrollBarThumbBackground(Ljavax/swing/plaf/synth/SynthContext;Ljava/awt/Graphics;IIIII)V @ 49 c2
Event: 17667.029 Thread 0x000001956cd5d000 Uncommon trap: reason=unstable_if action=reinterpret pc=0x000001955c0f7024 method=javax.swing.plaf.synth.SynthScrollBarUI.getComponentState(Ljavax/swing/JComponent;Ljavax/swing/plaf/synth/Region;)I @ 18 c2
Event: 17667.086 Thread 0x000001956cd5d000 Uncommon trap: reason=unstable_if action=reinterpret pc=0x000001955bfcf9f8 method=javax.swing.plaf.basic.BasicScrollBarUI.layoutContainer(Ljava/awt/Container;)V @ 4 c2

Classes redefined (0 events):
No events

Internal exceptions (10 events):
Event: 16353.084 Thread 0x000001956cd5d000 Exception <a 'java/lang/NoSuchMethodError'{0x000000070caaa1c0}: java.lang.invoke.DelegatingMethodHandle$Holder.reinvoke_L(Ljava/lang/Object;Ljava/lang/Object;Ljava/lang/Object;Ljava/lang/Object;Ljava/lang/Object;III)Ljava/lang/Object;> (0x000000070caaa1c0
Event: 16415.688 Thread 0x000001957825f800 Exception <a 'java/lang/InterruptedException'{0x000000070c932c58}: sleep interrupted> (0x000000070c932c58) thrown at [t:/workspace/hotspot/src/share/vm/prims/jvm.cpp, line 3023]
Event: 17090.077 Thread 0x0000019578260000 Exception <a 'ui/frmwork/CommandFailedException'{0x000000070c48ce58}> (0x000000070c48ce58) thrown at [t:/workspace/hotspot/src/share/vm/prims/jni.cpp, line 604]
Event: 17128.006 Thread 0x000001957825e000 Exception <a 'ui/frmwork/CommandFailedException'{0x000000070d681320}> (0x000000070d681320) thrown at [t:/workspace/hotspot/src/share/vm/prims/jni.cpp, line 604]
Event: 17188.121 Thread 0x000001956cd5d000 Implicit null exception at 0x000001955ba2c4d3 to 0x000001955ba2c535
Event: 17217.431 Thread 0x000001957825b800 Exception <a 'java/lang/InterruptedException'{0x000000070ca1ebb0}: sleep interrupted> (0x000000070ca1ebb0) thrown at [t:/workspace/hotspot/src/share/vm/prims/jvm.cpp, line 3023]
Event: 17551.852 Thread 0x000001956cd5d000 Exception <a 'java/lang/NoSuchMethodError'{0x000000070ab79f50}: method resolution failed> (0x000000070ab79f50) thrown at [t:/workspace/hotspot/src/share/vm/prims/methodHandles.cpp, line 1256]
Event: 17551.852 Thread 0x000001956cd5d000 Exception <a 'java/lang/NoSuchMethodError'{0x000000070ab80178}: java.lang.invoke.DirectMethodHandle$Holder.invokeStatic(Ljava/lang/Object;Ljava/lang/Object;IILjava/lang/Object;)Ljava/lang/Object;> (0x000000070ab80178) thrown at [t:/workspace/hotspot/src/s
Event: 17551.852 Thread 0x000001956cd5d000 Exception <a 'java/lang/NoSuchMethodError'{0x000000070ab83e28}: java.lang.invoke.DirectMethodHandle$Holder.invokeSpecial(Ljava/lang/Object;Ljava/lang/Object;Ljava/lang/Object;IILjava/lang/Object;)Ljava/lang/Object;> (0x000000070ab83e28) thrown at [t:/work
Event: 17817.406 Thread 0x0000019578264000 Exception <a 'java/lang/InterruptedException'{0x000000070bb6e8a8}: sleep interrupted> (0x000000070bb6e8a8) thrown at [t:/workspace/hotspot/src/share/vm/prims/jvm.cpp, line 3023]

Events (10 events):
Event: 17870.830 Thread 0x0000019578263000 Thread added: 0x0000019578263000
Event: 17870.836 Thread 0x0000019578263000 Thread exited: 0x0000019578263000
Event: 17871.383 Thread 0x0000019578261800 Thread added: 0x0000019578261800
Event: 17871.389 Thread 0x0000019578261800 Thread exited: 0x0000019578261800
Event: 17871.831 Thread 0x0000019578260000 Thread added: 0x0000019578260000
Event: 17871.837 Thread 0x0000019578260000 Thread exited: 0x0000019578260000
Event: 17872.384 Thread 0x0000019578265800 Thread added: 0x0000019578265800
Event: 17872.389 Thread 0x0000019578265800 Thread exited: 0x0000019578265800
Event: 17872.831 Thread 0x0000019578264800 Thread added: 0x0000019578264800
Event: 17872.837 Thread 0x0000019578264800 Thread exited: 0x0000019578264800


Dynamic libraries:
0x00007ff758160000 - 0x00007ff758190000 	D:\programs\vivado\Vivado\2019.1\bin\unwrapped\win64.o\vivado.exe
0x00007ffba24d0000 - 0x00007ffba26c5000 	C:\Windows\SYSTEM32\ntdll.dll
0x00007ffba1410000 - 0x00007ffba14cd000 	C:\Windows\System32\KERNEL32.DLL
0x00007ffba0080000 - 0x00007ffba034d000 	C:\Windows\System32\KERNELBASE.dll
0x00007ffb9fbe0000 - 0x00007ffb9fce0000 	C:\Windows\System32\ucrtbase.dll
0x00007ffb8bdd0000 - 0x00007ffb8be5e000 	C:\Windows\SYSTEM32\MSVCP140.dll
0x00007ffb8be60000 - 0x00007ffb8be7b000 	C:\Windows\SYSTEM32\VCRUNTIME140.dll
0x00007ffb93450000 - 0x00007ffb9345c000 	C:\Windows\SYSTEM32\VCRUNTIME140_1.dll
0x00007ffb8b1b0000 - 0x00007ffb8b1c4000 	D:\programs\vivado\Vivado\2019.1\lib\win64.o\librdi_commonmain.dll
0x00007ffb8aa40000 - 0x00007ffb8aa54000 	D:\programs\vivado\Vivado\2019.1\lib\win64.o\libboost_signals.dll
0x00007ffb8aa10000 - 0x00007ffb8aa36000 	D:\programs\vivado\Vivado\2019.1\lib\win64.o\libboost_filesystem.dll
0x00007ffba20a0000 - 0x00007ffba214e000 	C:\Windows\System32\ADVAPI32.dll
0x00007ffba0600000 - 0x00007ffba069e000 	C:\Windows\System32\msvcrt.dll
0x00007ffba08e0000 - 0x00007ffba097c000 	C:\Windows\System32\sechost.dll
0x00007ffba10d0000 - 0x00007ffba11f5000 	C:\Windows\System32\RPCRT4.dll
0x00007ffb8bdc0000 - 0x00007ffb8bdca000 	D:\programs\vivado\Vivado\2019.1\lib\win64.o\librdi_commonversion.dll
0x0000000052de0000 - 0x0000000052f0b000 	D:\programs\vivado\Vivado\2019.1\lib\win64.o\tcl85t.dll
0x00007ffba1200000 - 0x00007ffba13a0000 	C:\Windows\System32\USER32.dll
0x00007ffba0050000 - 0x00007ffba0072000 	C:\Windows\System32\win32u.dll
0x00007ffba21e0000 - 0x00007ffba220a000 	C:\Windows\System32\GDI32.dll
0x00007ffb9fce0000 - 0x00007ffb9fdeb000 	C:\Windows\System32\gdi32full.dll
0x00007ffb9ffb0000 - 0x00007ffba004d000 	C:\Windows\System32\msvcp_win.dll
0x00007ffba0750000 - 0x00007ffba07bb000 	C:\Windows\System32\WS2_32.dll
0x00007ffb7b5c0000 - 0x00007ffb7b6e1000 	D:\programs\vivado\Vivado\2019.1\lib\win64.o\librdi_commonxillic.dll
0x00007ffb8bd50000 - 0x00007ffb8bd5b000 	D:\programs\vivado\Vivado\2019.1\lib\win64.o\libboost_system.dll
0x00007ffb7a9d0000 - 0x00007ffb7aca8000 	D:\programs\vivado\Vivado\2019.1\lib\win64.o\libXil_lmgr11.dll
0x00007ffba0520000 - 0x00007ffba05fb000 	C:\Windows\System32\COMDLG32.dll
0x00007ffba14d0000 - 0x00007ffba1824000 	C:\Windows\System32\combase.dll
0x00007ffba07c0000 - 0x00007ffba086d000 	C:\Windows\System32\shcore.dll
0x00007ffba0870000 - 0x00007ffba08c5000 	C:\Windows\System32\SHLWAPI.dll
0x00007ffba0980000 - 0x00007ffba10c4000 	C:\Windows\System32\SHELL32.dll
0x00007ffba23c0000 - 0x00007ffba248d000 	C:\Windows\System32\OLEAUT32.dll
0x00007ffba2290000 - 0x00007ffba23ba000 	C:\Windows\System32\ole32.dll
0x00007ffba04b0000 - 0x00007ffba0518000 	C:\Windows\System32\WINTRUST.dll
0x00007ffba0350000 - 0x00007ffba04a6000 	C:\Windows\System32\CRYPT32.dll
0x00007ffb7b4a0000 - 0x00007ffb7b5b4000 	D:\programs\vivado\Vivado\2019.1\lib\win64.o\libboost_regex.dll
0x00007ffb8a6e0000 - 0x00007ffb8a6fa000 	C:\Windows\SYSTEM32\NETAPI32.dll
0x00007ffb8b1d0000 - 0x00007ffb8b280000 	C:\Windows\WinSxS\amd64_microsoft.windows.common-controls_6595b64144ccf1df_5.82.19041.1110_none_792d1c772443f647\COMCTL32.dll
0x00007ffb8aa00000 - 0x00007ffb8aa09000 	C:\Windows\SYSTEM32\WSOCK32.dll
0x00007ffb99650000 - 0x00007ffb9966d000 	C:\Windows\SYSTEM32\dhcpcsvc.DLL
0x00007ffb55140000 - 0x00007ffb56022000 	D:\programs\vivado\Vivado\2019.1\lib\win64.o\librdi_common.dll
0x00007ffb89430000 - 0x00007ffb89444000 	D:\programs\vivado\Vivado\2019.1\lib\win64.o\libboost_date_time.dll
0x00007ffb89400000 - 0x00007ffb89421000 	D:\programs\vivado\Vivado\2019.1\lib\win64.o\libboost_thread.dll
0x00007ffb7a950000 - 0x00007ffb7a9cf000 	D:\programs\vivado\Vivado\2019.1\lib\win64.o\libboost_program_options.dll
0x00007ffb8a9f0000 - 0x00007ffb8a9ff000 	D:\programs\vivado\Vivado\2019.1\lib\win64.o\libboost_xilinx.dll
0x00007ffb7a8c0000 - 0x00007ffb7a942000 	D:\programs\vivado\Vivado\2019.1\lib\win64.o\libhdlpsolve.dll
0x00007ffb70810000 - 0x00007ffb70b7e000 	D:\programs\vivado\Vivado\2019.1\lib\win64.o\libCOIN-all.dll
0x00007ffb893d0000 - 0x00007ffb893fe000 	D:\programs\vivado\Vivado\2019.1\lib\win64.o\libisl_sysinfo.dll
0x00007ffb7a810000 - 0x00007ffb7a8b5000 	D:\programs\vivado\Vivado\2019.1\lib\win64.o\libhdxml.dll
0x00007ffb84c30000 - 0x00007ffb84c4a000 	D:\programs\vivado\Vivado\2019.1\lib\win64.o\pthreadVC2.dll
0x00007ffb84c10000 - 0x00007ffb84c2c000 	D:\programs\vivado\Vivado\2019.1\lib\win64.o\librdiconfig.dll
0x00007ffb75b00000 - 0x00007ffb75b65000 	D:\programs\vivado\Vivado\2019.1\lib\win64.o\liblmx6.0.dll
0x00007ffb842a0000 - 0x00007ffb842c1000 	D:\programs\vivado\Vivado\2019.1\lib\win64.o\librdizlib.dll
0x00007ffb8ce20000 - 0x00007ffb8d2f6000 	C:\Windows\SYSTEM32\WININET.dll
0x00007ffb95fa0000 - 0x00007ffb960aa000 	C:\Windows\SYSTEM32\WINHTTP.dll
0x00007ffb95b20000 - 0x00007ffb95d0c000 	C:\Windows\SYSTEM32\urlmon.dll
0x00007ffb542a0000 - 0x00007ffb55131000 	D:\programs\vivado\Vivado\2019.1\lib\win64.o\gurobi65.dll
0x00007ffb841f0000 - 0x00007ffb84221000 	C:\Windows\SYSTEM32\VCOMP140.DLL
0x00007ffb893c0000 - 0x00007ffb893cd000 	D:\programs\vivado\Vivado\2019.1\lib\win64.o\libboost_chrono.dll
0x00007ffb91290000 - 0x00007ffb91541000 	C:\Windows\SYSTEM32\iertutil.dll
0x00007ffb957e0000 - 0x00007ffb95808000 	C:\Windows\SYSTEM32\srvcli.dll
0x00007ffb9f090000 - 0x00007ffb9f09c000 	C:\Windows\SYSTEM32\netutils.dll
0x0000000012000000 - 0x0000000012270000 	D:\programs\vivado\Vivado\2019.1\lib\win64.o\xerces-c_3_1.dll
0x00007ffb536f0000 - 0x00007ffb5429f400 	D:\programs\vivado\Vivado\2019.1\lib\win64.o\libisl_iostreams.dll
0x00007ffb84280000 - 0x00007ffb8429b000 	D:\programs\vivado\Vivado\2019.1\lib\win64.o\libboost_iostreams.dll
0x00007ffb81df0000 - 0x00007ffb81e15000 	D:\programs\vivado\Vivado\2019.1\lib\win64.o\libisl_iosutils.dll
0x00007ffba06a0000 - 0x00007ffba06d0000 	C:\Windows\System32\IMM32.DLL
0x00007ffb9f760000 - 0x00007ffb9f772000 	C:\Windows\SYSTEM32\MSASN1.dll
0x00007ffb9dac0000 - 0x00007ffb9dad2000 	C:\Windows\SYSTEM32\kernel.appcore.dll
0x00007ffb531d0000 - 0x00007ffb536e7000 	D:\programs\vivado\Vivado\2019.1\lib\win64.o\librdi_commontasks.dll
0x00007ffb984e0000 - 0x00007ffb984ea000 	C:\Windows\SYSTEM32\VERSION.dll
0x00007ffb69590000 - 0x00007ffb69816000 	D:\programs\vivado\Vivado\2019.1\lib\win64.o\librdi_sio.dll
0x00007ffb9ef80000 - 0x00007ffb9efbb000 	C:\Windows\SYSTEM32\IPHLPAPI.DLL
0x0000000051f70000 - 0x0000000052995000 	D:\programs\vivado\Vivado\2019.1\tps\win64\jre9.0.4\bin\server\jvm.dll
0x00007ffba08d0000 - 0x00007ffba08d8000 	C:\Windows\System32\PSAPI.DLL
0x00007ffb956c0000 - 0x00007ffb956e7000 	C:\Windows\SYSTEM32\WINMM.dll
0x00007ffb9f270000 - 0x00007ffb9f2da000 	C:\Windows\SYSTEM32\MSWSOCK.DLL
0x00007ffb75a10000 - 0x00007ffb75aff000 	D:\programs\vivado\Vivado\2019.1\tps\win64\jre9.0.4\bin\MSVCR120.dll
0x00007ffb9dcc0000 - 0x00007ffb9e454000 	C:\Windows\SYSTEM32\windows.storage.dll
0x00007ffb9f490000 - 0x00007ffb9f4bc000 	C:\Windows\SYSTEM32\Wldp.dll
0x00007ffb50d10000 - 0x00007ffb531cc000 	D:\programs\vivado\Vivado\2019.1\lib\win64.o\librdi_tcltasks.dll
0x00007ffb6a780000 - 0x00007ffb6a86b000 	D:\programs\vivado\Vivado\2019.1\lib\win64.o\librdi_chipscope.dll
0x00007ffb75990000 - 0x00007ffb75a08000 	D:\programs\vivado\Vivado\2019.1\lib\win64.o\librdi_boarddep.dll
0x00007ffb50900000 - 0x00007ffb50d08000 	D:\programs\vivado\Vivado\2019.1\lib\win64.o\librdi_bitstream.dll
0x00007ffb69380000 - 0x00007ffb69511000 	D:\programs\vivado\Vivado\2019.1\lib\win64.o\librdi_board.dll
0x00007ffb68de0000 - 0x00007ffb68f9d000 	D:\programs\vivado\Vivado\2019.1\lib\win64.o\librdi_chipscopeimpl.dll
0x00007ffb64ea0000 - 0x00007ffb64ff6000 	D:\programs\vivado\Vivado\2019.1\lib\win64.o\librdi_containers.dll
0x00007ffb4c8b0000 - 0x00007ffb508f3000 	D:\programs\vivado\Vivado\2019.1\lib\win64.o\librdi_designutils.dll
0x00007ffb49a80000 - 0x00007ffb4b46a000 	D:\programs\vivado\Vivado\2019.1\lib\win64.o\librdi_constraints.dll
0x00007ffb4c1d0000 - 0x00007ffb4c8aa000 	D:\programs\vivado\Vivado\2019.1\lib\win64.o\librdi_coregenipxact.dll
0x00007ffb47bc0000 - 0x00007ffb49a71000 	D:\programs\vivado\Vivado\2019.1\lib\win64.o\librdi_coregen.dll
0x00007ffb56380000 - 0x00007ffb5669e000 	D:\programs\vivado\Vivado\2019.1\lib\win64.o\librdi_dlyest.dll
0x00007ffb65a70000 - 0x00007ffb65b34000 	D:\programs\vivado\Vivado\2019.1\lib\win64.o\librdi_dsp.dll
0x00007ffb4bc30000 - 0x00007ffb4c1ca000 	D:\programs\vivado\Vivado\2019.1\lib\win64.o\librdi_drc.dll
0x00007ffb69310000 - 0x00007ffb69375000 	D:\programs\vivado\Vivado\2019.1\lib\win64.o\librdi_hdf.dll
0x00007ffb47570000 - 0x00007ffb47bbd000 	D:\programs\vivado\Vivado\2019.1\lib\win64.o\librdi_filemgmt.dll
0x00007ffb47280000 - 0x00007ffb47563000 	D:\programs\vivado\Vivado\2019.1\lib\win64.o\librdi_guitools.dll
0x00007ffb46c60000 - 0x00007ffb47275000 	D:\programs\vivado\Vivado\2019.1\lib\win64.o\librdi_memdata.dll
0x00007ffb681e0000 - 0x00007ffb68253000 	D:\programs\vivado\Vivado\2019.1\lib\win64.o\librdi_memoryarray.dll
0x00007ffb456a0000 - 0x00007ffb46c60000 	D:\programs\vivado\Vivado\2019.1\lib\win64.o\librdi_implflow.dll
0x00007ffb7fa50000 - 0x00007ffb7fa9b000 	D:\programs\vivado\Vivado\2019.1\lib\win64.o\librdi_pfi.dll
0x00007ffb44ff0000 - 0x00007ffb45692000 	D:\programs\vivado\Vivado\2019.1\lib\win64.o\librdi_netlist.dll
0x00007ffb42300000 - 0x00007ffb44fe6000 	D:\programs\vivado\Vivado\2019.1\lib\win64.o\librdi_mig.dll
0x00007ffb41ff0000 - 0x00007ffb422ff000 	D:\programs\vivado\Vivado\2019.1\lib\win64.o\librdi_platform.dll
0x00007ffb418a0000 - 0x00007ffb41fea000 	D:\programs\vivado\Vivado\2019.1\lib\win64.o\librdi_power.dll
0x00007ffb41320000 - 0x00007ffb4189f000 	D:\programs\vivado\Vivado\2019.1\lib\win64.o\librdi_project.dll
0x00007ffb40c10000 - 0x00007ffb41319000 	D:\programs\vivado\Vivado\2019.1\lib\win64.o\librdi_psta.dll
0x00007ffb40810000 - 0x00007ffb40c01000 	D:\programs\vivado\Vivado\2019.1\lib\win64.o\librdi_runs.dll
0x00007ffb40100000 - 0x00007ffb40806000 	D:\programs\vivado\Vivado\2019.1\lib\win64.o\librdi_rsb.dll
0x00007ffb64da0000 - 0x00007ffb64e9a000 	D:\programs\vivado\Vivado\2019.1\lib\win64.o\librdi_runsbase.dll
0x00007ffb63da0000 - 0x00007ffb63ff6000 	D:\programs\vivado\Vivado\2019.1\lib\win64.o\librdi_simdata.dll
0x00007ffb2b650000 - 0x00007ffb2dcc6000 	D:\programs\vivado\Vivado\2019.1\lib\win64.o\librdi_place.dll
0x00007ffb64c20000 - 0x00007ffb64d92000 	D:\programs\vivado\Vivado\2019.1\lib\win64.o\librdi_advchipscopeimpl.dll
0x00007ffb2dcd0000 - 0x00007ffb400fc000 	D:\programs\vivado\Vivado\2019.1\lib\win64.o\librdi_device.dll
0x00007ffb7f670000 - 0x00007ffb7f6bc000 	D:\programs\vivado\Vivado\2019.1\lib\win64.o\libboost_serialization.dll
0x00007ffb2a830000 - 0x00007ffb2b641000 	D:\programs\vivado\Vivado\2019.1\lib\win64.o\librdi_timing.dll
0x00007ffb7b450000 - 0x00007ffb7b493000 	D:\programs\vivado\Vivado\2019.1\lib\win64.o\librdi_noc_frameworks.dll
0x00007ffb2a440000 - 0x00007ffb2a825000 	D:\programs\vivado\Vivado\2019.1\lib\win64.o\librdi_hip_config.dll
0x00007ffb29ef0000 - 0x00007ffb2a43e000 	D:\programs\vivado\Vivado\2019.1\lib\win64.o\librdi_xdm.dll
0x00007ffb29d50000 - 0x00007ffb29eef000 	D:\programs\vivado\Vivado\2019.1\lib\win64.o\librdi_hip_devdesign.dll
0x00007ffb65580000 - 0x00007ffb65642000 	D:\programs\vivado\Vivado\2019.1\lib\win64.o\librdi_ipconfig_readwrite.dll
0x00007ffb64a80000 - 0x00007ffb64b1e000 	D:\programs\vivado\Vivado\2019.1\lib\win64.o\libise.dll
0x00007ffb7a7d0000 - 0x00007ffb7a810000 	D:\programs\vivado\Vivado\2019.1\lib\win64.o\librdi_wavedata_SimpleApi.dll
0x00007ffb29200000 - 0x00007ffb29d47000 	D:\programs\vivado\Vivado\2019.1\lib\win64.o\libverific.dll
0x00007ffb28c00000 - 0x00007ffb291fc000 	D:\programs\vivado\Vivado\2019.1\lib\win64.o\librdi_wavedata.dll
0x00007ffb75950000 - 0x00007ffb7598f000 	D:\programs\vivado\Vivado\2019.1\lib\win64.o\librdi_schedmon.dll
0x00007ffb4bba0000 - 0x00007ffb4bc28000 	D:\programs\vivado\Vivado\2019.1\lib\win64.o\librdi_meir_core.dll
0x00007ffb27a70000 - 0x00007ffb28bfd000 	D:\programs\vivado\Vivado\2019.1\lib\win64.o\librdi_route.dll

VM Arguments:
jvm_args: -Dsun.java2d.pmoffscreen=false -Dsun.java2d.xrender=false -Dsun.java2d.d3d=false -Dsun.awt.nopixfmt=true -Dsun.java2d.dpiaware=true -Dsun.java2d.uiScale.enabled=false -Xverify:none -Dswing.aatext=true -XX:-UsePerfData -Djdk.map.althashing.threshold=512 -XX:StringTableSize=4072 --add-opens=java.base/java.nio=ALL-UNNAMED --add-opens=java.desktop/sun.swing=ALL-UNNAMED --add-opens=java.desktop/javax.swing=ALL-UNNAMED --add-opens=java.desktop/javax.swing.tree=ALL-UNNAMED --add-opens=java.desktop/javax.swing.plaf.basic=ALL-UNNAMED --add-opens=java.desktop/javax.swing.plaf.synth=ALL-UNNAMED --add-opens=java.desktop/com.sun.awt=ALL-UNNAMED -XX:NewSize=60m -XX:MaxNewSize=60m -Xms128m -Xmx3072m -Xss5m 
java_command: <unknown>
java_class_path (initial): D:/programs/vivado/Vivado/2019.1\lib\classes\alloy.jar;D:/programs/vivado/Vivado/2019.1\lib\classes\autopilot.scelaborator.jar;D:/programs/vivado/Vivado/2019.1\lib\classes\autopilot.sourceprocessor.jar;D:/programs/vivado/Vivado/2019.1\lib\classes\autopilot.tbprocessor.jar;D:/programs/vivado/Vivado/2019.1\lib\classes\batik-anim.jar;D:/programs/vivado/Vivado/2019.1\lib\classes\batik-awt-util.jar;D:/programs/vivado/Vivado/2019.1\lib\classes\batik-bridge.jar;D:/programs/vivado/Vivado/2019.1\lib\classes\batik-codec.jar;D:/programs/vivado/Vivado/2019.1\lib\classes\batik-css.jar;D:/programs/vivado/Vivado/2019.1\lib\classes\batik-dom.jar;D:/programs/vivado/Vivado/2019.1\lib\classes\batik-ext.jar;D:/programs/vivado/Vivado/2019.1\lib\classes\batik-gui-util.jar;D:/programs/vivado/Vivado/2019.1\lib\classes\batik-gvt.jar;D:/programs/vivado/Vivado/2019.1\lib\classes\batik-parser.jar;D:/programs/vivado/Vivado/2019.1\lib\classes\batik-script.jar;D:/programs/vivado/Vivado/2019.1\lib\classes\batik-svg-dom.jar;D:/programs/vivado/Vivado/2019.1\lib\classes\batik-swing.jar;D:/programs/vivado/Vivado/2019.1\lib\classes\batik-transcoder.jar;D:/programs/vivado/Vivado/2019.1\lib\classes\batik-util.jar;D:/programs/vivado/Vivado/2019.1\lib\classes\batik-xml.jar;D:/programs/vivado/Vivado/2019.1\lib\classes\com.google.gson_2.7.0.v20170129-0911.jar;D:/programs/vivado/Vivado/2019.1\lib\classes\com.google.guava_21.0.0.v20170206-1425.jar;D:/programs/vivado/Vivado/2019.1\lib\classes\com.google.inject_3.0.0.v201605172100.jar;D:/programs/vivado/Vivado/2019.1\lib\classes\com.ibm.icu_4.4.2.v20110208.jar;D:/programs/vivado/Vivado/2019.1\lib\classes\com.sigasi.hdt.annotations.runtime_4.3.0.201903071210.jar;D:/programs/vivado/Vivado/2019.1\lib\classes\com.sigasi.hdt.blockdiagram.model_4.3.0.201903071210.jar;D:/programs/vivado/Vivado/2019.1\lib\classes\com.sigasi.hdt.connection_4.3.0.201903071210.jar;D:/programs/vivado/Vivado/2019.1\lib\classes\com.sigasi.hdt.dependencies.model_4.
Launcher Type: generic

Logging:
Log output configuration:
#0: stdout all=warning uptime,level,tags
#1: stderr all=off uptime,level,tags

Environment Variables:
PATH=D:/programs/vivado/Vivado/2019.1/bin;D:/programs/vivado/Vivado/2019.1/lib/win64.o;D:/programs/vivado/Vivado/2019.1/tps/win64/jre9.0.4/bin/server;D:/programs/vivado/Vivado/2019.1/tps/win64/jre9.0.4/bin;D:/programs/vivado/Vivado/2019.1/ids_lite/ISE/bin/nt64;D:/programs/vivado/Vivado/2019.1/ids_lite/ISE/lib/nt64;D:\programs\python\Scripts\;D:\programs\python\;C:\Windows\system32;C:\Windows;C:\Windows\System32\Wbem;C:\Windows\System32\WindowsPowerShell\v1.0\;C:\Windows\System32\OpenSSH\;C:\programs\matlab\bin;C:\Program Files\dotnet\;C:\Program Files\WindowsApps\PythonSoftwareFoundation.Python.3.9_3.9.3312.0_x64__qbz5n2kfra8p0;C:\Program Files\nu\bin\;C:\Users\admin\AppData\Local\Microsoft\WindowsApps;C:\Users\admin\AppData\Local\Programs\Microsoft VS Code\bin;C:\programs\ffmpeg-N-101061-gba2cebb49c-win64-gpl\bin;C:\Users\admin\AppData\Local\Packages\PythonSoftwareFoundation.Python.3.9_qbz5n2kfra8p0\LocalCache\local-packages\Python39\Scripts;C:\programs\ninja;C:\programs\python-3.10.4-embed-amd64;C:\programs\CMake\bin;C:\programs\Qt\Git\bin;C:\programs\node-v16.14.2-win-x64\node-v16.14.2-win-x64;C:\Users\admin\Downloads\nvim-win64\nvim-win64\bin;D:\programs\chicken\chicken-5.1.0\bin;C:\programs\clang\LLVM\bin;D:\programs\msys\mingw64\bin\g++;;D:/programs/vivado/Vivado/2019.1\tps\mingw\6.2.0\win64.o\nt\bin;D:/programs/vivado/Vivado/2019.1\tps\mingw\6.2.0\win64.o\nt\libexec\gcc\x86_64-w64-mingw32\6.2.0;D:/programs/vivado/Vivado/2019.1\tps\win64\python-2.7.5;D:/programs/vivado/Vivado/2019.1\tps\win64\python-2.7.5\lib;D:/programs/vivado/Vivado/2019.1\tps\win64\python-2.7.5\Lib\lib-tk;D:/programs/vivado/Vivado/2019.1\tps\win64\python-2.7.5\lib\site-packages
USERNAME=admin
OS=Windows_NT
PROCESSOR_IDENTIFIER=AMD64 Family 21 Model 2 Stepping 0, AuthenticAMD



---------------  S Y S T E M  ---------------

OS: Windows 10 , 64 bit Build 19041 (10.0.19041.1706)

CPU:total 8 (initial active 8) (8 cores per cpu, 1 threads per core) family 21 model 2 stepping 0, cmov, cx8, fxsr, mmx, sse, sse2, sse3, ssse3, sse4.1, sse4.2, popcnt, avx, aes, clmul, mmxext, 3dnowpref, lzcnt, sse4a, tsc, tscinvbit, tscinv, bmi1

Memory: 4k page, physical 8353472k(2748240k free), swap 14907072k(5655832k free)

vm_info: Java HotSpot(TM) 64-Bit Server VM (9.0.4+11) for windows-amd64 JRE (9.0.4+11), built on Dec 20 2017 02:18:54 by "mach5one" with MS VC++ 12.0 (VS2013)

END.
